<?xml version="1.0" encoding="UTF-8"?>
<coverage generated="1753807812476" clover="3.2.0">
  <project timestamp="1753807812476" name="All files">
    <metrics statements="506" coveredstatements="466" conditionals="102" coveredconditionals="90" methods="60" coveredmethods="58" elements="668" coveredelements="614" complexity="0" loc="506" ncloc="506" packages="1" files="5" classes="5"/>
    <file name="DashboardGateway.ts" path="/Users/s4nty/Projects/re-do-the-wheel/task-runner/src/core/DashboardGateway.ts">
      <metrics statements="94" coveredstatements="71" conditionals="7" coveredconditionals="5" methods="5" coveredmethods="5"/>
      <line num="1" count="1" type="stmt"/>
      <line num="2" count="1" type="stmt"/>
      <line num="3" count="1" type="stmt"/>
      <line num="4" count="1" type="stmt"/>
      <line num="5" count="1" type="stmt"/>
      <line num="6" count="1" type="stmt"/>
      <line num="7" count="1" type="stmt"/>
      <line num="8" count="1" type="stmt"/>
      <line num="9" count="1" type="stmt"/>
      <line num="10" count="1" type="stmt"/>
      <line num="11" count="1" type="stmt"/>
      <line num="12" count="1" type="stmt"/>
      <line num="13" count="1" type="stmt"/>
      <line num="14" count="1" type="stmt"/>
      <line num="15" count="1" type="stmt"/>
      <line num="16" count="1" type="stmt"/>
      <line num="17" count="1" type="stmt"/>
      <line num="18" count="1" type="stmt"/>
      <line num="19" count="1" type="stmt"/>
      <line num="20" count="1" type="stmt"/>
      <line num="21" count="1" type="cond" truecount="1" falsecount="0"/>
      <line num="22" count="8" type="stmt"/>
      <line num="23" count="8" type="stmt"/>
      <line num="24" count="8" type="stmt"/>
      <line num="25" count="8" type="stmt"/>
      <line num="26" count="8" type="stmt"/>
      <line num="27" count="8" type="cond" truecount="1" falsecount="0"/>
      <line num="28" count="8" type="stmt"/>
      <line num="29" count="8" type="stmt"/>
      <line num="30" count="8" type="stmt"/>
      <line num="31" count="8" type="stmt"/>
      <line num="32" count="8" type="stmt"/>
      <line num="33" count="8" type="stmt"/>
      <line num="34" count="8" type="stmt"/>
      <line num="35" count="8" type="stmt"/>
      <line num="36" count="8" type="stmt"/>
      <line num="37" count="8" type="cond" truecount="0" falsecount="1"/>
      <line num="38" count="0" type="stmt"/>
      <line num="39" count="0" type="stmt"/>
      <line num="40" count="0" type="stmt"/>
      <line num="41" count="0" type="stmt"/>
      <line num="42" count="8" type="stmt"/>
      <line num="43" count="8" type="stmt"/>
      <line num="44" count="8" type="stmt"/>
      <line num="45" count="8" type="stmt"/>
      <line num="46" count="8" type="stmt"/>
      <line num="47" count="8" type="stmt"/>
      <line num="48" count="8" type="stmt"/>
      <line num="49" count="8" type="stmt"/>
      <line num="50" count="8" type="stmt"/>
      <line num="51" count="8" type="stmt"/>
      <line num="52" count="0" type="stmt"/>
      <line num="53" count="0" type="stmt"/>
      <line num="54" count="0" type="stmt"/>
      <line num="55" count="0" type="stmt"/>
      <line num="56" count="0" type="stmt"/>
      <line num="57" count="0" type="stmt"/>
      <line num="58" count="0" type="stmt"/>
      <line num="59" count="0" type="stmt"/>
      <line num="60" count="0" type="stmt"/>
      <line num="61" count="0" type="stmt"/>
      <line num="62" count="0" type="stmt"/>
      <line num="63" count="0" type="stmt"/>
      <line num="64" count="0" type="stmt"/>
      <line num="65" count="0" type="stmt"/>
      <line num="66" count="0" type="stmt"/>
      <line num="67" count="8" type="stmt"/>
      <line num="68" count="8" type="stmt"/>
      <line num="69" count="8" type="stmt"/>
      <line num="70" count="0" type="stmt"/>
      <line num="71" count="8" type="stmt"/>
      <line num="72" count="8" type="stmt"/>
      <line num="73" count="8" type="stmt"/>
      <line num="74" count="8" type="cond" truecount="1" falsecount="0"/>
      <line num="75" count="5" type="cond" truecount="0" falsecount="1"/>
      <line num="76" count="0" type="stmt"/>
      <line num="77" count="0" type="stmt"/>
      <line num="78" count="0" type="stmt"/>
      <line num="79" count="5" type="stmt"/>
      <line num="80" count="5" type="stmt"/>
      <line num="81" count="8" type="stmt"/>
      <line num="82" count="8" type="cond" truecount="1" falsecount="0"/>
      <line num="83" count="3" type="stmt"/>
      <line num="84" count="3" type="stmt"/>
      <line num="85" count="8" type="stmt"/>
      <line num="86" count="8" type="cond" truecount="1" falsecount="0"/>
      <line num="87" count="8" type="stmt"/>
      <line num="88" count="8" type="stmt"/>
      <line num="89" count="8" type="stmt"/>
      <line num="90" count="8" type="stmt"/>
      <line num="91" count="8" type="stmt"/>
      <line num="92" count="8" type="stmt"/>
      <line num="93" count="8" type="stmt"/>
      <line num="94" count="8" type="stmt"/>
    </file>
    <file name="FlowRunner.ts" path="/Users/s4nty/Projects/re-do-the-wheel/task-runner/src/core/FlowRunner.ts">
      <metrics statements="120" coveredstatements="117" conditionals="23" coveredconditionals="19" methods="16" coveredmethods="16"/>
      <line num="1" count="1" type="stmt"/>
      <line num="2" count="1" type="stmt"/>
      <line num="3" count="1" type="stmt"/>
      <line num="4" count="1" type="stmt"/>
      <line num="5" count="1" type="stmt"/>
      <line num="6" count="1" type="stmt"/>
      <line num="7" count="1" type="stmt"/>
      <line num="8" count="1" type="stmt"/>
      <line num="9" count="1" type="stmt"/>
      <line num="10" count="1" type="stmt"/>
      <line num="11" count="1" type="stmt"/>
      <line num="12" count="1" type="stmt"/>
      <line num="13" count="1" type="stmt"/>
      <line num="14" count="1" type="stmt"/>
      <line num="15" count="1" type="stmt"/>
      <line num="16" count="1" type="stmt"/>
      <line num="17" count="1" type="cond" truecount="1" falsecount="0"/>
      <line num="18" count="8" type="stmt"/>
      <line num="19" count="8" type="stmt"/>
      <line num="20" count="8" type="stmt"/>
      <line num="21" count="8" type="stmt"/>
      <line num="22" count="8" type="stmt"/>
      <line num="23" count="8" type="cond" truecount="1" falsecount="0"/>
      <line num="24" count="8" type="stmt"/>
      <line num="25" count="8" type="stmt"/>
      <line num="26" count="0" type="stmt"/>
      <line num="27" count="0" type="stmt"/>
      <line num="28" count="8" type="stmt"/>
      <line num="29" count="8" type="stmt"/>
      <line num="30" count="0" type="stmt"/>
      <line num="31" count="8" type="stmt"/>
      <line num="32" count="8" type="stmt"/>
      <line num="33" count="8" type="stmt"/>
      <line num="34" count="8" type="stmt"/>
      <line num="35" count="8" type="cond" truecount="1" falsecount="0"/>
      <line num="36" count="21" type="stmt"/>
      <line num="37" count="21" type="stmt"/>
      <line num="38" count="21" type="stmt"/>
      <line num="39" count="8" type="stmt"/>
      <line num="40" count="8" type="cond" truecount="1" falsecount="0"/>
      <line num="41" count="5" type="stmt"/>
      <line num="42" count="5" type="stmt"/>
      <line num="43" count="8" type="stmt"/>
      <line num="44" count="8" type="cond" truecount="1" falsecount="0"/>
      <line num="45" count="2" type="stmt"/>
      <line num="46" count="2" type="cond" truecount="1" falsecount="0"/>
      <line num="47" count="3" type="stmt"/>
      <line num="48" count="3" type="stmt"/>
      <line num="49" count="3" type="stmt"/>
      <line num="50" count="3" type="stmt"/>
      <line num="51" count="2" type="stmt"/>
      <line num="52" count="8" type="stmt"/>
      <line num="53" count="8" type="cond" truecount="1" falsecount="0"/>
      <line num="54" count="3" type="stmt"/>
      <line num="55" count="3" type="stmt"/>
      <line num="56" count="8" type="stmt"/>
      <line num="57" count="8" type="cond" truecount="1" falsecount="0"/>
      <line num="58" count="26" type="stmt"/>
      <line num="59" count="26" type="stmt"/>
      <line num="60" count="8" type="stmt"/>
      <line num="61" count="8" type="cond" truecount="1" falsecount="0"/>
      <line num="62" count="8" type="stmt"/>
      <line num="63" count="8" type="stmt"/>
      <line num="64" count="8" type="stmt"/>
      <line num="65" count="8" type="cond" truecount="1" falsecount="0"/>
      <line num="66" count="83" type="stmt"/>
      <line num="67" count="83" type="stmt"/>
      <line num="68" count="83" type="stmt"/>
      <line num="69" count="8" type="stmt"/>
      <line num="70" count="8" type="cond" truecount="1" falsecount="0"/>
      <line num="71" count="23" type="stmt"/>
      <line num="72" count="23" type="stmt"/>
      <line num="73" count="23" type="stmt"/>
      <line num="74" count="23" type="cond" truecount="0" falsecount="1"/>
      <line num="75" count="23" type="stmt"/>
      <line num="76" count="23" type="stmt"/>
      <line num="77" count="8" type="stmt"/>
      <line num="78" count="8" type="cond" truecount="1" falsecount="0"/>
      <line num="79" count="90" type="stmt"/>
      <line num="80" count="90" type="stmt"/>
      <line num="81" count="8" type="stmt"/>
      <line num="82" count="8" type="cond" truecount="1" falsecount="0"/>
      <line num="83" count="85" type="stmt"/>
      <line num="84" count="85" type="stmt"/>
      <line num="85" count="8" type="stmt"/>
      <line num="86" count="8" type="cond" truecount="1" falsecount="0"/>
      <line num="87" count="2" type="stmt"/>
      <line num="88" count="2" type="stmt"/>
      <line num="89" count="8" type="stmt"/>
      <line num="90" count="8" type="cond" truecount="1" falsecount="0"/>
      <line num="91" count="3" type="stmt"/>
      <line num="92" count="3" type="cond" truecount="0" falsecount="1"/>
      <line num="93" count="3" type="stmt"/>
      <line num="94" count="3" type="cond" truecount="1" falsecount="1"/>
      <line num="95" count="3" type="stmt"/>
      <line num="96" count="3" type="stmt"/>
      <line num="97" count="3" type="stmt"/>
      <line num="98" count="3" type="stmt"/>
      <line num="99" count="3" type="stmt"/>
      <line num="100" count="3" type="stmt"/>
      <line num="101" count="3" type="stmt"/>
      <line num="102" count="3" type="stmt"/>
      <line num="103" count="3" type="stmt"/>
      <line num="104" count="3" type="stmt"/>
      <line num="105" count="3" type="stmt"/>
      <line num="106" count="3" type="cond" truecount="1" falsecount="0"/>
      <line num="107" count="1" type="stmt"/>
      <line num="108" count="1" type="stmt"/>
      <line num="109" count="3" type="stmt"/>
      <line num="110" count="8" type="stmt"/>
      <line num="111" count="8" type="cond" truecount="1" falsecount="0"/>
      <line num="112" count="8" type="cond" truecount="0" falsecount="1"/>
      <line num="113" count="8" type="stmt"/>
      <line num="114" count="8" type="stmt"/>
      <line num="115" count="8" type="stmt"/>
      <line num="116" count="8" type="stmt"/>
      <line num="117" count="8" type="cond" truecount="1" falsecount="0"/>
      <line num="118" count="8" type="stmt"/>
      <line num="119" count="8" type="stmt"/>
      <line num="120" count="8" type="stmt"/>
    </file>
    <file name="Task.ts" path="/Users/s4nty/Projects/re-do-the-wheel/task-runner/src/core/Task.ts">
      <metrics statements="82" coveredstatements="80" conditionals="22" coveredconditionals="22" methods="17" coveredmethods="16"/>
      <line num="1" count="1" type="stmt"/>
      <line num="2" count="1" type="stmt"/>
      <line num="3" count="1" type="stmt"/>
      <line num="4" count="1" type="stmt"/>
      <line num="5" count="1" type="stmt"/>
      <line num="6" count="1" type="stmt"/>
      <line num="7" count="1" type="stmt"/>
      <line num="8" count="1" type="stmt"/>
      <line num="9" count="1" type="cond" truecount="1" falsecount="0"/>
      <line num="10" count="23" type="stmt"/>
      <line num="11" count="23" type="stmt"/>
      <line num="12" count="23" type="stmt"/>
      <line num="13" count="23" type="stmt"/>
      <line num="14" count="23" type="stmt"/>
      <line num="15" count="23" type="stmt"/>
      <line num="16" count="23" type="stmt"/>
      <line num="17" count="23" type="stmt"/>
      <line num="18" count="23" type="stmt"/>
      <line num="19" count="23" type="stmt"/>
      <line num="20" count="23" type="stmt"/>
      <line num="21" count="23" type="cond" truecount="1" falsecount="0"/>
      <line num="22" count="23" type="stmt"/>
      <line num="23" count="23" type="stmt"/>
      <line num="24" count="23" type="stmt"/>
      <line num="25" count="23" type="cond" truecount="2" falsecount="0"/>
      <line num="26" count="23" type="stmt"/>
      <line num="27" count="23" type="cond" truecount="2" falsecount="0"/>
      <line num="28" count="23" type="stmt"/>
      <line num="29" count="23" type="stmt"/>
      <line num="30" count="23" type="stmt"/>
      <line num="31" count="0" type="stmt"/>
      <line num="32" count="0" type="stmt"/>
      <line num="33" count="23" type="cond" truecount="1" falsecount="0"/>
      <line num="34" count="133" type="stmt"/>
      <line num="35" count="133" type="stmt"/>
      <line num="36" count="23" type="cond" truecount="1" falsecount="0"/>
      <line num="37" count="314" type="stmt"/>
      <line num="38" count="314" type="stmt"/>
      <line num="39" count="23" type="cond" truecount="1" falsecount="0"/>
      <line num="40" count="26" type="stmt"/>
      <line num="41" count="26" type="stmt"/>
      <line num="42" count="23" type="cond" truecount="1" falsecount="0"/>
      <line num="43" count="264" type="stmt"/>
      <line num="44" count="264" type="stmt"/>
      <line num="45" count="23" type="cond" truecount="1" falsecount="0"/>
      <line num="46" count="2" type="stmt"/>
      <line num="47" count="2" type="stmt"/>
      <line num="48" count="23" type="cond" truecount="1" falsecount="0"/>
      <line num="49" count="3" type="stmt"/>
      <line num="50" count="3" type="stmt"/>
      <line num="51" count="23" type="cond" truecount="1" falsecount="0"/>
      <line num="52" count="29" type="stmt"/>
      <line num="53" count="29" type="stmt"/>
      <line num="54" count="23" type="cond" truecount="1" falsecount="0"/>
      <line num="55" count="3" type="stmt"/>
      <line num="56" count="3" type="stmt"/>
      <line num="57" count="23" type="cond" truecount="1" falsecount="0"/>
      <line num="58" count="5" type="stmt"/>
      <line num="59" count="5" type="stmt"/>
      <line num="60" count="23" type="cond" truecount="1" falsecount="0"/>
      <line num="61" count="240" type="stmt"/>
      <line num="62" count="240" type="stmt"/>
      <line num="63" count="23" type="cond" truecount="1" falsecount="0"/>
      <line num="64" count="32" type="stmt"/>
      <line num="65" count="32" type="stmt"/>
      <line num="66" count="23" type="cond" truecount="1" falsecount="0"/>
      <line num="67" count="240" type="stmt"/>
      <line num="68" count="240" type="stmt"/>
      <line num="69" count="23" type="cond" truecount="1" falsecount="0"/>
      <line num="70" count="240" type="stmt"/>
      <line num="71" count="240" type="stmt"/>
      <line num="72" count="23" type="stmt"/>
      <line num="73" count="23" type="cond" truecount="1" falsecount="0"/>
      <line num="74" count="26" type="stmt"/>
      <line num="75" count="26" type="stmt"/>
      <line num="76" count="21" type="cond" truecount="1" falsecount="0"/>
      <line num="77" count="26" type="cond" truecount="1" falsecount="0"/>
      <line num="78" count="5" type="stmt"/>
      <line num="79" count="5" type="stmt"/>
      <line num="80" count="5" type="stmt"/>
      <line num="81" count="26" type="stmt"/>
      <line num="82" count="23" type="stmt"/>
    </file>
    <file name="TaskScheduler.ts" path="/Users/s4nty/Projects/re-do-the-wheel/task-runner/src/core/TaskScheduler.ts">
      <metrics statements="114" coveredstatements="110" conditionals="28" coveredconditionals="22" methods="7" coveredmethods="7"/>
      <line num="1" count="1" type="stmt"/>
      <line num="2" count="1" type="stmt"/>
      <line num="3" count="1" type="stmt"/>
      <line num="4" count="1" type="stmt"/>
      <line num="5" count="1" type="stmt"/>
      <line num="6" count="1" type="stmt"/>
      <line num="7" count="1" type="stmt"/>
      <line num="8" count="1" type="stmt"/>
      <line num="9" count="1" type="stmt"/>
      <line num="10" count="1" type="stmt"/>
      <line num="11" count="1" type="stmt"/>
      <line num="12" count="1" type="stmt"/>
      <line num="13" count="1" type="stmt"/>
      <line num="14" count="1" type="stmt"/>
      <line num="15" count="1" type="stmt"/>
      <line num="16" count="1" type="cond" truecount="1" falsecount="0"/>
      <line num="17" count="8" type="stmt"/>
      <line num="18" count="8" type="stmt"/>
      <line num="19" count="8" type="stmt"/>
      <line num="20" count="8" type="stmt"/>
      <line num="21" count="8" type="stmt"/>
      <line num="22" count="8" type="stmt"/>
      <line num="23" count="8" type="stmt"/>
      <line num="24" count="8" type="stmt"/>
      <line num="25" count="8" type="stmt"/>
      <line num="26" count="8" type="stmt"/>
      <line num="27" count="8" type="stmt"/>
      <line num="28" count="8" type="stmt"/>
      <line num="29" count="8" type="stmt"/>
      <line num="30" count="8" type="stmt"/>
      <line num="31" count="8" type="cond" truecount="1" falsecount="0"/>
      <line num="32" count="8" type="stmt"/>
      <line num="33" count="8" type="stmt"/>
      <line num="34" count="8" type="stmt"/>
      <line num="35" count="8" type="stmt"/>
      <line num="36" count="8" type="stmt"/>
      <line num="37" count="8" type="stmt"/>
      <line num="38" count="8" type="stmt"/>
      <line num="39" count="8" type="stmt"/>
      <line num="40" count="8" type="stmt"/>
      <line num="41" count="8" type="stmt"/>
      <line num="42" count="8" type="stmt"/>
      <line num="43" count="8" type="cond" truecount="1" falsecount="0"/>
      <line num="44" count="26" type="stmt"/>
      <line num="45" count="26" type="stmt"/>
      <line num="46" count="26" type="stmt"/>
      <line num="47" count="8" type="stmt"/>
      <line num="48" count="8" type="cond" truecount="1" falsecount="0"/>
      <line num="49" count="35" type="cond" truecount="1" falsecount="0"/>
      <line num="50" count="34" type="cond" truecount="1" falsecount="0"/>
      <line num="51" count="35" type="cond" truecount="1" falsecount="0"/>
      <line num="52" count="51" type="cond" truecount="1" falsecount="0"/>
      <line num="53" count="45" type="cond" truecount="1" falsecount="0"/>
      <line num="54" count="51" type="cond" truecount="1" falsecount="0"/>
      <line num="55" count="26" type="stmt"/>
      <line num="56" count="26" type="stmt"/>
      <line num="57" count="51" type="cond" truecount="1" falsecount="1"/>
      <line num="58" count="0" type="stmt"/>
      <line num="59" count="0" type="stmt"/>
      <line num="60" count="0" type="stmt"/>
      <line num="61" count="0" type="stmt"/>
      <line num="62" count="51" type="stmt"/>
      <line num="63" count="34" type="cond" truecount="1" falsecount="0"/>
      <line num="64" count="8" type="stmt"/>
      <line num="65" count="8" type="cond" truecount="1" falsecount="0"/>
      <line num="66" count="45" type="stmt"/>
      <line num="67" count="45" type="cond" truecount="1" falsecount="0"/>
      <line num="68" count="45" type="stmt"/>
      <line num="69" count="8" type="stmt"/>
      <line num="70" count="8" type="cond" truecount="1" falsecount="0"/>
      <line num="71" count="19" type="stmt"/>
      <line num="72" count="19" type="cond" truecount="0" falsecount="1"/>
      <line num="73" count="19" type="stmt"/>
      <line num="74" count="19" type="stmt"/>
      <line num="75" count="19" type="cond" truecount="0" falsecount="1"/>
      <line num="76" count="19" type="stmt"/>
      <line num="77" count="19" type="stmt"/>
      <line num="78" count="19" type="cond" truecount="1" falsecount="0"/>
      <line num="79" count="2" type="stmt"/>
      <line num="80" count="19" type="stmt"/>
      <line num="81" count="19" type="stmt"/>
      <line num="82" count="8" type="stmt"/>
      <line num="83" count="8" type="cond" truecount="1" falsecount="0"/>
      <line num="84" count="26" type="stmt"/>
      <line num="85" count="26" type="stmt"/>
      <line num="86" count="26" type="stmt"/>
      <line num="87" count="26" type="stmt"/>
      <line num="88" count="26" type="stmt"/>
      <line num="89" count="26" type="stmt"/>
      <line num="90" count="21" type="cond" truecount="1" falsecount="0"/>
      <line num="91" count="26" type="cond" truecount="1" falsecount="0"/>
      <line num="92" count="5" type="cond" truecount="1" falsecount="0"/>
      <line num="93" count="2" type="stmt"/>
      <line num="94" count="2" type="stmt"/>
      <line num="95" count="5" type="cond" truecount="1" falsecount="0"/>
      <line num="96" count="3" type="cond" truecount="1" falsecount="0"/>
      <line num="97" count="3" type="stmt"/>
      <line num="98" count="3" type="stmt"/>
      <line num="99" count="3" type="stmt"/>
      <line num="100" count="3" type="stmt"/>
      <line num="101" count="3" type="stmt"/>
      <line num="102" count="5" type="stmt"/>
      <line num="103" count="5" type="stmt"/>
      <line num="104" count="5" type="cond" truecount="0" falsecount="1"/>
      <line num="105" count="5" type="cond" truecount="0" falsecount="1"/>
      <line num="106" count="5" type="cond" truecount="0" falsecount="1"/>
      <line num="107" count="5" type="stmt"/>
      <line num="108" count="5" type="stmt"/>
      <line num="109" count="26" type="stmt"/>
      <line num="110" count="26" type="stmt"/>
      <line num="111" count="26" type="stmt"/>
      <line num="112" count="26" type="stmt"/>
      <line num="113" count="26" type="stmt"/>
      <line num="114" count="8" type="stmt"/>
    </file>
    <file name="TaskStateManager.ts" path="/Users/s4nty/Projects/re-do-the-wheel/task-runner/src/core/TaskStateManager.ts">
      <metrics statements="96" coveredstatements="88" conditionals="22" coveredconditionals="22" methods="15" coveredmethods="14"/>
      <line num="1" count="1" type="stmt"/>
      <line num="2" count="1" type="stmt"/>
      <line num="3" count="1" type="cond" truecount="1" falsecount="0"/>
      <line num="4" count="8" type="stmt"/>
      <line num="5" count="8" type="stmt"/>
      <line num="6" count="8" type="stmt"/>
      <line num="7" count="8" type="stmt"/>
      <line num="8" count="8" type="stmt"/>
      <line num="9" count="8" type="cond" truecount="1" falsecount="0"/>
      <line num="10" count="26" type="stmt"/>
      <line num="11" count="26" type="stmt"/>
      <line num="12" count="8" type="stmt"/>
      <line num="13" count="8" type="cond" truecount="1" falsecount="0"/>
      <line num="14" count="21" type="stmt"/>
      <line num="15" count="21" type="stmt"/>
      <line num="16" count="8" type="stmt"/>
      <line num="17" count="8" type="cond" truecount="1" falsecount="0"/>
      <line num="18" count="5" type="stmt"/>
      <line num="19" count="5" type="stmt"/>
      <line num="20" count="5" type="stmt"/>
      <line num="21" count="5" type="stmt"/>
      <line num="22" count="8" type="stmt"/>
      <line num="23" count="8" type="cond" truecount="1" falsecount="0"/>
      <line num="24" count="3" type="stmt"/>
      <line num="25" count="3" type="stmt"/>
      <line num="26" count="8" type="stmt"/>
      <line num="27" count="8" type="cond" truecount="1" falsecount="0"/>
      <line num="28" count="28" type="stmt"/>
      <line num="29" count="28" type="stmt"/>
      <line num="30" count="8" type="stmt"/>
      <line num="31" count="8" type="cond" truecount="1" falsecount="0"/>
      <line num="32" count="5" type="stmt"/>
      <line num="33" count="5" type="stmt"/>
      <line num="34" count="8" type="stmt"/>
      <line num="35" count="8" type="cond" truecount="1" falsecount="0"/>
      <line num="36" count="90" type="stmt"/>
      <line num="37" count="90" type="cond" truecount="1" falsecount="0"/>
      <line num="38" count="90" type="stmt"/>
      <line num="39" count="90" type="stmt"/>
      <line num="40" count="90" type="stmt"/>
      <line num="41" count="90" type="stmt"/>
      <line num="42" count="90" type="stmt"/>
      <line num="43" count="90" type="stmt"/>
      <line num="44" count="8" type="stmt"/>
      <line num="45" count="8" type="stmt"/>
      <line num="46" count="0" type="stmt"/>
      <line num="47" count="0" type="stmt"/>
      <line num="48" count="0" type="stmt"/>
      <line num="49" count="0" type="stmt"/>
      <line num="50" count="0" type="stmt"/>
      <line num="51" count="0" type="stmt"/>
      <line num="52" count="0" type="stmt"/>
      <line num="53" count="0" type="stmt"/>
      <line num="54" count="8" type="stmt"/>
      <line num="55" count="8" type="cond" truecount="1" falsecount="0"/>
      <line num="56" count="85" type="stmt"/>
      <line num="57" count="85" type="cond" truecount="1" falsecount="0"/>
      <line num="58" count="240" type="stmt"/>
      <line num="59" count="240" type="stmt"/>
      <line num="60" count="240" type="stmt"/>
      <line num="61" count="240" type="stmt"/>
      <line num="62" count="240" type="stmt"/>
      <line num="63" count="240" type="stmt"/>
      <line num="64" count="240" type="stmt"/>
      <line num="65" count="240" type="stmt"/>
      <line num="66" count="85" type="stmt"/>
      <line num="67" count="85" type="cond" truecount="1" falsecount="0"/>
      <line num="68" count="85" type="stmt"/>
      <line num="69" count="8" type="stmt"/>
      <line num="70" count="8" type="cond" truecount="1" falsecount="0"/>
      <line num="71" count="90" type="stmt"/>
      <line num="72" count="90" type="cond" truecount="1" falsecount="0"/>
      <line num="73" count="90" type="cond" truecount="1" falsecount="0"/>
      <line num="74" count="90" type="stmt"/>
      <line num="75" count="8" type="stmt"/>
      <line num="76" count="8" type="cond" truecount="1" falsecount="0"/>
      <line num="77" count="90" type="stmt"/>
      <line num="78" count="90" type="cond" truecount="1" falsecount="0"/>
      <line num="79" count="90" type="cond" truecount="1" falsecount="0"/>
      <line num="80" count="90" type="stmt"/>
      <line num="81" count="8" type="stmt"/>
      <line num="82" count="8" type="cond" truecount="1" falsecount="0"/>
      <line num="83" count="5" type="cond" truecount="1" falsecount="0"/>
      <line num="84" count="5" type="stmt"/>
      <line num="85" count="8" type="stmt"/>
      <line num="86" count="8" type="cond" truecount="1" falsecount="0"/>
      <line num="87" count="3" type="stmt"/>
      <line num="88" count="3" type="stmt"/>
      <line num="89" count="8" type="stmt"/>
      <line num="90" count="8" type="cond" truecount="1" falsecount="0"/>
      <line num="91" count="3" type="stmt"/>
      <line num="92" count="3" type="stmt"/>
      <line num="93" count="3" type="stmt"/>
      <line num="94" count="3" type="stmt"/>
      <line num="95" count="3" type="stmt"/>
      <line num="96" count="8" type="stmt"/>
    </file>
  </project>
</coverage>
