{"/Users/s4nty/Projects/re-do-the-wheel/task-runner/src/core/DashboardGateway.ts": {"path":"/Users/s4nty/Projects/re-do-the-wheel/task-runner/src/core/DashboardGateway.ts","all":false,"statementMap":{"0":{"start":{"line":1,"column":0},"end":{"line":1,"column":55}},"1":{"start":{"line":2,"column":0},"end":{"line":2,"column":61}},"2":{"start":{"line":3,"column":0},"end":{"line":3,"column":22}},"3":{"start":{"line":4,"column":0},"end":{"line":4,"column":31}},"4":{"start":{"line":5,"column":0},"end":{"line":5,"column":36}},"5":{"start":{"line":6,"column":0},"end":{"line":6,"column":24}},"6":{"start":{"line":7,"column":0},"end":{"line":7,"column":0}},"7":{"start":{"line":8,"column":0},"end":{"line":8,"column":41}},"8":{"start":{"line":9,"column":0},"end":{"line":9,"column":0}},"9":{"start":{"line":10,"column":0},"end":{"line":10,"column":28}},"10":{"start":{"line":11,"column":0},"end":{"line":11,"column":25}},"11":{"start":{"line":12,"column":0},"end":{"line":12,"column":2}},"12":{"start":{"line":13,"column":0},"end":{"line":13,"column":49}},"13":{"start":{"line":14,"column":0},"end":{"line":14,"column":86}},"14":{"start":{"line":15,"column":0},"end":{"line":15,"column":0}},"15":{"start":{"line":16,"column":0},"end":{"line":16,"column":25}},"16":{"start":{"line":17,"column":0},"end":{"line":17,"column":24}},"17":{"start":{"line":18,"column":0},"end":{"line":18,"column":19}},"18":{"start":{"line":19,"column":0},"end":{"line":19,"column":2}},"19":{"start":{"line":20,"column":0},"end":{"line":20,"column":0}},"20":{"start":{"line":21,"column":0},"end":{"line":21,"column":31}},"21":{"start":{"line":22,"column":0},"end":{"line":22,"column":31}},"22":{"start":{"line":23,"column":0},"end":{"line":23,"column":21}},"23":{"start":{"line":24,"column":0},"end":{"line":24,"column":24}},"24":{"start":{"line":25,"column":0},"end":{"line":25,"column":69}},"25":{"start":{"line":26,"column":0},"end":{"line":26,"column":0}},"26":{"start":{"line":27,"column":0},"end":{"line":27,"column":75}},"27":{"start":{"line":28,"column":0},"end":{"line":28,"column":50}},"28":{"start":{"line":29,"column":0},"end":{"line":29,"column":29}},"29":{"start":{"line":30,"column":0},"end":{"line":30,"column":0}},"30":{"start":{"line":31,"column":0},"end":{"line":31,"column":54}},"31":{"start":{"line":32,"column":0},"end":{"line":32,"column":13}},"32":{"start":{"line":33,"column":0},"end":{"line":33,"column":77}},"33":{"start":{"line":34,"column":0},"end":{"line":34,"column":0}},"34":{"start":{"line":35,"column":0},"end":{"line":35,"column":47}},"35":{"start":{"line":36,"column":0},"end":{"line":36,"column":87}},"36":{"start":{"line":37,"column":0},"end":{"line":37,"column":25}},"37":{"start":{"line":38,"column":0},"end":{"line":38,"column":25}},"38":{"start":{"line":39,"column":0},"end":{"line":39,"column":93}},"39":{"start":{"line":40,"column":0},"end":{"line":40,"column":14}},"40":{"start":{"line":41,"column":0},"end":{"line":41,"column":9}},"41":{"start":{"line":42,"column":0},"end":{"line":42,"column":0}},"42":{"start":{"line":43,"column":0},"end":{"line":43,"column":29}},"43":{"start":{"line":44,"column":0},"end":{"line":44,"column":56}},"44":{"start":{"line":45,"column":0},"end":{"line":45,"column":0}},"45":{"start":{"line":46,"column":0},"end":{"line":46,"column":26}},"46":{"start":{"line":47,"column":0},"end":{"line":47,"column":51}},"47":{"start":{"line":48,"column":0},"end":{"line":48,"column":34}},"48":{"start":{"line":49,"column":0},"end":{"line":49,"column":11}},"49":{"start":{"line":50,"column":0},"end":{"line":50,"column":0}},"50":{"start":{"line":51,"column":0},"end":{"line":51,"column":54}},"51":{"start":{"line":52,"column":0},"end":{"line":52,"column":70}},"52":{"start":{"line":53,"column":0},"end":{"line":53,"column":62}},"53":{"start":{"line":54,"column":0},"end":{"line":54,"column":47}},"54":{"start":{"line":55,"column":0},"end":{"line":55,"column":45}},"55":{"start":{"line":56,"column":0},"end":{"line":56,"column":0}},"56":{"start":{"line":57,"column":0},"end":{"line":57,"column":69}},"57":{"start":{"line":58,"column":0},"end":{"line":58,"column":42}},"58":{"start":{"line":59,"column":0},"end":{"line":59,"column":78}},"59":{"start":{"line":60,"column":0},"end":{"line":60,"column":34}},"60":{"start":{"line":61,"column":0},"end":{"line":61,"column":19}},"61":{"start":{"line":62,"column":0},"end":{"line":62,"column":13}},"62":{"start":{"line":63,"column":0},"end":{"line":63,"column":0}},"63":{"start":{"line":64,"column":0},"end":{"line":64,"column":43}},"64":{"start":{"line":65,"column":0},"end":{"line":65,"column":77}},"65":{"start":{"line":66,"column":0},"end":{"line":66,"column":15}},"66":{"start":{"line":67,"column":0},"end":{"line":67,"column":11}},"67":{"start":{"line":68,"column":0},"end":{"line":68,"column":0}},"68":{"start":{"line":69,"column":0},"end":{"line":69,"column":40}},"69":{"start":{"line":70,"column":0},"end":{"line":70,"column":82}},"70":{"start":{"line":71,"column":0},"end":{"line":71,"column":11}},"71":{"start":{"line":72,"column":0},"end":{"line":72,"column":5}},"72":{"start":{"line":73,"column":0},"end":{"line":73,"column":0}},"73":{"start":{"line":74,"column":0},"end":{"line":74,"column":51}},"74":{"start":{"line":75,"column":0},"end":{"line":75,"column":23}},"75":{"start":{"line":76,"column":0},"end":{"line":76,"column":74}},"76":{"start":{"line":77,"column":0},"end":{"line":77,"column":19}},"77":{"start":{"line":78,"column":0},"end":{"line":78,"column":9}},"78":{"start":{"line":79,"column":0},"end":{"line":79,"column":34}},"79":{"start":{"line":80,"column":0},"end":{"line":80,"column":5}},"80":{"start":{"line":81,"column":0},"end":{"line":81,"column":0}},"81":{"start":{"line":82,"column":0},"end":{"line":82,"column":84}},"82":{"start":{"line":83,"column":0},"end":{"line":83,"column":49}},"83":{"start":{"line":84,"column":0},"end":{"line":84,"column":5}},"84":{"start":{"line":85,"column":0},"end":{"line":85,"column":0}},"85":{"start":{"line":86,"column":0},"end":{"line":86,"column":13}},"86":{"start":{"line":87,"column":0},"end":{"line":87,"column":26}},"87":{"start":{"line":88,"column":0},"end":{"line":88,"column":32}},"88":{"start":{"line":89,"column":0},"end":{"line":89,"column":9}},"89":{"start":{"line":90,"column":0},"end":{"line":90,"column":22}},"90":{"start":{"line":91,"column":0},"end":{"line":91,"column":28}},"91":{"start":{"line":92,"column":0},"end":{"line":92,"column":9}},"92":{"start":{"line":93,"column":0},"end":{"line":93,"column":5}},"93":{"start":{"line":94,"column":0},"end":{"line":94,"column":1}}},"s":{"0":1,"1":1,"2":1,"3":1,"4":1,"5":1,"6":1,"7":1,"8":1,"9":1,"10":1,"11":1,"12":1,"13":1,"14":1,"15":1,"16":1,"17":1,"18":1,"19":1,"20":1,"21":8,"22":8,"23":8,"24":8,"25":8,"26":8,"27":8,"28":8,"29":8,"30":8,"31":8,"32":8,"33":8,"34":8,"35":8,"36":8,"37":0,"38":0,"39":0,"40":0,"41":8,"42":8,"43":8,"44":8,"45":8,"46":8,"47":8,"48":8,"49":8,"50":8,"51":0,"52":0,"53":0,"54":0,"55":0,"56":0,"57":0,"58":0,"59":0,"60":0,"61":0,"62":0,"63":0,"64":0,"65":0,"66":8,"67":8,"68":8,"69":0,"70":8,"71":8,"72":8,"73":8,"74":5,"75":0,"76":0,"77":0,"78":5,"79":5,"80":8,"81":8,"82":3,"83":3,"84":8,"85":8,"86":8,"87":8,"88":8,"89":8,"90":8,"91":8,"92":8,"93":8},"branchMap":{"0":{"type":"branch","line":21,"loc":{"start":{"line":21,"column":29},"end":{"line":94,"column":1}},"locations":[{"start":{"line":21,"column":29},"end":{"line":94,"column":1}}]},"1":{"type":"branch","line":27,"loc":{"start":{"line":27,"column":4},"end":{"line":72,"column":5}},"locations":[{"start":{"line":27,"column":4},"end":{"line":72,"column":5}}]},"2":{"type":"branch","line":37,"loc":{"start":{"line":37,"column":10},"end":{"line":41,"column":9}},"locations":[{"start":{"line":37,"column":10},"end":{"line":41,"column":9}}]},"3":{"type":"branch","line":74,"loc":{"start":{"line":74,"column":4},"end":{"line":80,"column":5}},"locations":[{"start":{"line":74,"column":4},"end":{"line":80,"column":5}}]},"4":{"type":"branch","line":75,"loc":{"start":{"line":75,"column":22},"end":{"line":78,"column":9}},"locations":[{"start":{"line":75,"column":22},"end":{"line":78,"column":9}}]},"5":{"type":"branch","line":82,"loc":{"start":{"line":82,"column":4},"end":{"line":84,"column":5}},"locations":[{"start":{"line":82,"column":4},"end":{"line":84,"column":5}}]},"6":{"type":"branch","line":86,"loc":{"start":{"line":86,"column":4},"end":{"line":93,"column":5}},"locations":[{"start":{"line":86,"column":4},"end":{"line":93,"column":5}}]}},"b":{"0":[8],"1":[8],"2":[0],"3":[5],"4":[0],"5":[3],"6":[8]},"fnMap":{"0":{"name":"<instance_members_initializer>","decl":{"start":{"line":21,"column":29},"end":{"line":94,"column":1}},"loc":{"start":{"line":21,"column":29},"end":{"line":94,"column":1}},"line":21},"1":{"name":"DashboardGateway","decl":{"start":{"line":27,"column":4},"end":{"line":72,"column":5}},"loc":{"start":{"line":27,"column":4},"end":{"line":72,"column":5}},"line":27},"2":{"name":"sendData","decl":{"start":{"line":74,"column":4},"end":{"line":80,"column":5}},"loc":{"start":{"line":74,"column":4},"end":{"line":80,"column":5}},"line":74},"3":{"name":"registerHandler","decl":{"start":{"line":82,"column":4},"end":{"line":84,"column":5}},"loc":{"start":{"line":82,"column":4},"end":{"line":84,"column":5}},"line":82},"4":{"name":"close","decl":{"start":{"line":86,"column":4},"end":{"line":93,"column":5}},"loc":{"start":{"line":86,"column":4},"end":{"line":93,"column":5}},"line":86}},"f":{"0":8,"1":8,"2":5,"3":3,"4":8}}
,"/Users/s4nty/Projects/re-do-the-wheel/task-runner/src/core/FlowRunner.ts": {"path":"/Users/s4nty/Projects/re-do-the-wheel/task-runner/src/core/FlowRunner.ts","all":false,"statementMap":{"0":{"start":{"line":1,"column":0},"end":{"line":1,"column":30}},"1":{"start":{"line":2,"column":0},"end":{"line":2,"column":48}},"2":{"start":{"line":3,"column":0},"end":{"line":3,"column":54}},"3":{"start":{"line":4,"column":0},"end":{"line":4,"column":54}},"4":{"start":{"line":5,"column":0},"end":{"line":5,"column":0}},"5":{"start":{"line":6,"column":0},"end":{"line":6,"column":15}},"6":{"start":{"line":7,"column":0},"end":{"line":7,"column":24}},"7":{"start":{"line":8,"column":0},"end":{"line":8,"column":21}},"8":{"start":{"line":9,"column":0},"end":{"line":9,"column":20}},"9":{"start":{"line":10,"column":0},"end":{"line":10,"column":2}},"10":{"start":{"line":11,"column":0},"end":{"line":11,"column":32}},"11":{"start":{"line":12,"column":0},"end":{"line":12,"column":19}},"12":{"start":{"line":13,"column":0},"end":{"line":13,"column":16}},"13":{"start":{"line":14,"column":0},"end":{"line":14,"column":18}},"14":{"start":{"line":15,"column":0},"end":{"line":15,"column":2}},"15":{"start":{"line":16,"column":0},"end":{"line":16,"column":0}},"16":{"start":{"line":17,"column":0},"end":{"line":17,"column":25}},"17":{"start":{"line":18,"column":0},"end":{"line":18,"column":37}},"18":{"start":{"line":19,"column":0},"end":{"line":19,"column":36}},"19":{"start":{"line":20,"column":0},"end":{"line":20,"column":30}},"20":{"start":{"line":21,"column":0},"end":{"line":21,"column":33}},"21":{"start":{"line":22,"column":0},"end":{"line":22,"column":0}},"22":{"start":{"line":23,"column":0},"end":{"line":23,"column":68}},"23":{"start":{"line":24,"column":0},"end":{"line":24,"column":65}},"24":{"start":{"line":25,"column":0},"end":{"line":25,"column":47}},"25":{"start":{"line":26,"column":0},"end":{"line":26,"column":41}},"26":{"start":{"line":27,"column":0},"end":{"line":27,"column":35}},"27":{"start":{"line":28,"column":0},"end":{"line":28,"column":27}},"28":{"start":{"line":29,"column":0},"end":{"line":29,"column":67}},"29":{"start":{"line":30,"column":0},"end":{"line":30,"column":36}},"30":{"start":{"line":31,"column":0},"end":{"line":31,"column":11}},"31":{"start":{"line":32,"column":0},"end":{"line":32,"column":44}},"32":{"start":{"line":33,"column":0},"end":{"line":33,"column":44}},"33":{"start":{"line":34,"column":0},"end":{"line":34,"column":22}},"34":{"start":{"line":35,"column":0},"end":{"line":35,"column":49}},"35":{"start":{"line":36,"column":0},"end":{"line":36,"column":49}},"36":{"start":{"line":37,"column":0},"end":{"line":37,"column":45}},"37":{"start":{"line":38,"column":0},"end":{"line":38,"column":45}},"38":{"start":{"line":39,"column":0},"end":{"line":39,"column":14}},"39":{"start":{"line":40,"column":0},"end":{"line":40,"column":42}},"40":{"start":{"line":41,"column":0},"end":{"line":41,"column":59}},"41":{"start":{"line":42,"column":0},"end":{"line":42,"column":45}},"42":{"start":{"line":43,"column":0},"end":{"line":43,"column":14}},"43":{"start":{"line":44,"column":0},"end":{"line":44,"column":47}},"44":{"start":{"line":45,"column":0},"end":{"line":45,"column":68}},"45":{"start":{"line":46,"column":0},"end":{"line":46,"column":48}},"46":{"start":{"line":47,"column":0},"end":{"line":47,"column":32}},"47":{"start":{"line":48,"column":0},"end":{"line":48,"column":38}},"48":{"start":{"line":49,"column":0},"end":{"line":49,"column":57}},"49":{"start":{"line":50,"column":0},"end":{"line":50,"column":17}},"50":{"start":{"line":51,"column":0},"end":{"line":51,"column":45}},"51":{"start":{"line":52,"column":0},"end":{"line":52,"column":14}},"52":{"start":{"line":53,"column":0},"end":{"line":53,"column":34}},"53":{"start":{"line":54,"column":0},"end":{"line":54,"column":31}},"54":{"start":{"line":55,"column":0},"end":{"line":55,"column":45}},"55":{"start":{"line":56,"column":0},"end":{"line":56,"column":14}},"56":{"start":{"line":57,"column":0},"end":{"line":57,"column":35}},"57":{"start":{"line":58,"column":0},"end":{"line":58,"column":34}},"58":{"start":{"line":59,"column":0},"end":{"line":59,"column":45}},"59":{"start":{"line":60,"column":0},"end":{"line":60,"column":14}},"60":{"start":{"line":61,"column":0},"end":{"line":61,"column":39}},"61":{"start":{"line":62,"column":0},"end":{"line":62,"column":11}},"62":{"start":{"line":63,"column":0},"end":{"line":63,"column":5}},"63":{"start":{"line":64,"column":0},"end":{"line":64,"column":0}},"64":{"start":{"line":65,"column":0},"end":{"line":65,"column":37}},"65":{"start":{"line":66,"column":0},"end":{"line":66,"column":58}},"66":{"start":{"line":67,"column":0},"end":{"line":67,"column":56}},"67":{"start":{"line":68,"column":0},"end":{"line":68,"column":5}},"68":{"start":{"line":69,"column":0},"end":{"line":69,"column":0}},"69":{"start":{"line":70,"column":0},"end":{"line":70,"column":25}},"70":{"start":{"line":71,"column":0},"end":{"line":71,"column":38}},"71":{"start":{"line":72,"column":0},"end":{"line":72,"column":37}},"72":{"start":{"line":73,"column":0},"end":{"line":73,"column":0}},"73":{"start":{"line":74,"column":0},"end":{"line":74,"column":57}},"74":{"start":{"line":75,"column":0},"end":{"line":75,"column":37}},"75":{"start":{"line":76,"column":0},"end":{"line":76,"column":5}},"76":{"start":{"line":77,"column":0},"end":{"line":77,"column":0}},"77":{"start":{"line":78,"column":0},"end":{"line":78,"column":16}},"78":{"start":{"line":79,"column":0},"end":{"line":79,"column":37}},"79":{"start":{"line":80,"column":0},"end":{"line":80,"column":5}},"80":{"start":{"line":81,"column":0},"end":{"line":81,"column":0}},"81":{"start":{"line":82,"column":0},"end":{"line":82,"column":19}},"82":{"start":{"line":83,"column":0},"end":{"line":83,"column":40}},"83":{"start":{"line":84,"column":0},"end":{"line":84,"column":5}},"84":{"start":{"line":85,"column":0},"end":{"line":85,"column":0}},"85":{"start":{"line":86,"column":0},"end":{"line":86,"column":38}},"86":{"start":{"line":87,"column":0},"end":{"line":87,"column":39}},"87":{"start":{"line":88,"column":0},"end":{"line":88,"column":5}},"88":{"start":{"line":89,"column":0},"end":{"line":89,"column":0}},"89":{"start":{"line":90,"column":0},"end":{"line":90,"column":55}},"90":{"start":{"line":91,"column":0},"end":{"line":91,"column":52}},"91":{"start":{"line":92,"column":0},"end":{"line":92,"column":71}},"92":{"start":{"line":93,"column":0},"end":{"line":93,"column":0}},"93":{"start":{"line":94,"column":0},"end":{"line":94,"column":56}},"94":{"start":{"line":95,"column":0},"end":{"line":95,"column":0}},"95":{"start":{"line":96,"column":0},"end":{"line":96,"column":38}},"96":{"start":{"line":97,"column":0},"end":{"line":97,"column":38}},"97":{"start":{"line":98,"column":0},"end":{"line":98,"column":0}},"98":{"start":{"line":99,"column":0},"end":{"line":99,"column":23}},"99":{"start":{"line":100,"column":0},"end":{"line":100,"column":26}},"100":{"start":{"line":101,"column":0},"end":{"line":101,"column":37}},"101":{"start":{"line":102,"column":0},"end":{"line":102,"column":37}},"102":{"start":{"line":103,"column":0},"end":{"line":103,"column":37}},"103":{"start":{"line":104,"column":0},"end":{"line":104,"column":0}},"104":{"start":{"line":105,"column":0},"end":{"line":105,"column":60}},"105":{"start":{"line":106,"column":0},"end":{"line":106,"column":45}},"106":{"start":{"line":107,"column":0},"end":{"line":107,"column":53}},"107":{"start":{"line":108,"column":0},"end":{"line":108,"column":9}},"108":{"start":{"line":109,"column":0},"end":{"line":109,"column":5}},"109":{"start":{"line":110,"column":0},"end":{"line":110,"column":0}},"110":{"start":{"line":111,"column":0},"end":{"line":111,"column":13}},"111":{"start":{"line":112,"column":0},"end":{"line":112,"column":35}},"112":{"start":{"line":113,"column":0},"end":{"line":113,"column":30}},"113":{"start":{"line":114,"column":0},"end":{"line":114,"column":37}},"114":{"start":{"line":115,"column":0},"end":{"line":115,"column":5}},"115":{"start":{"line":116,"column":0},"end":{"line":116,"column":0}},"116":{"start":{"line":117,"column":0},"end":{"line":117,"column":13}},"117":{"start":{"line":118,"column":0},"end":{"line":118,"column":24}},"118":{"start":{"line":119,"column":0},"end":{"line":119,"column":5}},"119":{"start":{"line":120,"column":0},"end":{"line":120,"column":1}}},"s":{"0":1,"1":1,"2":1,"3":1,"4":1,"5":1,"6":1,"7":1,"8":1,"9":1,"10":1,"11":1,"12":1,"13":1,"14":1,"15":1,"16":1,"17":8,"18":8,"19":8,"20":8,"21":8,"22":8,"23":8,"24":8,"25":0,"26":0,"27":8,"28":8,"29":0,"30":8,"31":8,"32":8,"33":8,"34":8,"35":21,"36":21,"37":21,"38":8,"39":8,"40":5,"41":5,"42":8,"43":8,"44":2,"45":2,"46":3,"47":3,"48":3,"49":3,"50":2,"51":8,"52":8,"53":3,"54":3,"55":8,"56":8,"57":26,"58":26,"59":8,"60":8,"61":8,"62":8,"63":8,"64":8,"65":83,"66":83,"67":83,"68":8,"69":8,"70":23,"71":23,"72":23,"73":23,"74":23,"75":23,"76":8,"77":8,"78":90,"79":90,"80":8,"81":8,"82":85,"83":85,"84":8,"85":8,"86":2,"87":2,"88":8,"89":8,"90":3,"91":3,"92":3,"93":3,"94":3,"95":3,"96":3,"97":3,"98":3,"99":3,"100":3,"101":3,"102":3,"103":3,"104":3,"105":3,"106":1,"107":1,"108":3,"109":8,"110":8,"111":8,"112":8,"113":8,"114":8,"115":8,"116":8,"117":8,"118":8,"119":8},"branchMap":{"0":{"type":"branch","line":17,"loc":{"start":{"line":17,"column":23},"end":{"line":120,"column":1}},"locations":[{"start":{"line":17,"column":23},"end":{"line":120,"column":1}}]},"1":{"type":"branch","line":23,"loc":{"start":{"line":23,"column":4},"end":{"line":63,"column":5}},"locations":[{"start":{"line":23,"column":4},"end":{"line":63,"column":5}}]},"2":{"type":"branch","line":35,"loc":{"start":{"line":35,"column":28},"end":{"line":39,"column":13}},"locations":[{"start":{"line":35,"column":28},"end":{"line":39,"column":13}}]},"3":{"type":"branch","line":40,"loc":{"start":{"line":40,"column":24},"end":{"line":43,"column":13}},"locations":[{"start":{"line":40,"column":24},"end":{"line":43,"column":13}}]},"4":{"type":"branch","line":44,"loc":{"start":{"line":44,"column":26},"end":{"line":52,"column":13}},"locations":[{"start":{"line":44,"column":26},"end":{"line":52,"column":13}}]},"5":{"type":"branch","line":46,"loc":{"start":{"line":46,"column":47},"end":{"line":50,"column":17}},"locations":[{"start":{"line":46,"column":47},"end":{"line":50,"column":17}}]},"6":{"type":"branch","line":53,"loc":{"start":{"line":53,"column":25},"end":{"line":56,"column":13}},"locations":[{"start":{"line":53,"column":25},"end":{"line":56,"column":13}}]},"7":{"type":"branch","line":57,"loc":{"start":{"line":57,"column":26},"end":{"line":60,"column":13}},"locations":[{"start":{"line":57,"column":26},"end":{"line":60,"column":13}}]},"8":{"type":"branch","line":61,"loc":{"start":{"line":61,"column":22},"end":{"line":61,"column":38}},"locations":[{"start":{"line":61,"column":22},"end":{"line":61,"column":38}}]},"9":{"type":"branch","line":65,"loc":{"start":{"line":65,"column":12},"end":{"line":68,"column":5}},"locations":[{"start":{"line":65,"column":12},"end":{"line":68,"column":5}}]},"10":{"type":"branch","line":70,"loc":{"start":{"line":70,"column":4},"end":{"line":76,"column":5}},"locations":[{"start":{"line":70,"column":4},"end":{"line":76,"column":5}}]},"11":{"type":"branch","line":74,"loc":{"start":{"line":74,"column":28},"end":{"line":74,"column":57}},"locations":[{"start":{"line":74,"column":28},"end":{"line":74,"column":57}}]},"12":{"type":"branch","line":78,"loc":{"start":{"line":78,"column":4},"end":{"line":80,"column":5}},"locations":[{"start":{"line":78,"column":4},"end":{"line":80,"column":5}}]},"13":{"type":"branch","line":82,"loc":{"start":{"line":82,"column":4},"end":{"line":84,"column":5}},"locations":[{"start":{"line":82,"column":4},"end":{"line":84,"column":5}}]},"14":{"type":"branch","line":86,"loc":{"start":{"line":86,"column":11},"end":{"line":88,"column":5}},"locations":[{"start":{"line":86,"column":11},"end":{"line":88,"column":5}}]},"15":{"type":"branch","line":90,"loc":{"start":{"line":90,"column":12},"end":{"line":109,"column":5}},"locations":[{"start":{"line":90,"column":12},"end":{"line":109,"column":5}}]},"16":{"type":"branch","line":92,"loc":{"start":{"line":92,"column":19},"end":{"line":92,"column":71}},"locations":[{"start":{"line":92,"column":19},"end":{"line":92,"column":71}}]},"17":{"type":"branch","line":94,"loc":{"start":{"line":94,"column":18},"end":{"line":94,"column":47}},"locations":[{"start":{"line":94,"column":18},"end":{"line":94,"column":47}}]},"18":{"type":"branch","line":94,"loc":{"start":{"line":94,"column":49},"end":{"line":94,"column":56}},"locations":[{"start":{"line":94,"column":49},"end":{"line":94,"column":56}}]},"19":{"type":"branch","line":106,"loc":{"start":{"line":106,"column":44},"end":{"line":108,"column":9}},"locations":[{"start":{"line":106,"column":44},"end":{"line":108,"column":9}}]},"20":{"type":"branch","line":111,"loc":{"start":{"line":111,"column":4},"end":{"line":115,"column":5}},"locations":[{"start":{"line":111,"column":4},"end":{"line":115,"column":5}}]},"21":{"type":"branch","line":112,"loc":{"start":{"line":112,"column":28},"end":{"line":112,"column":35}},"locations":[{"start":{"line":112,"column":28},"end":{"line":112,"column":35}}]},"22":{"type":"branch","line":117,"loc":{"start":{"line":117,"column":4},"end":{"line":119,"column":5}},"locations":[{"start":{"line":117,"column":4},"end":{"line":119,"column":5}}]}},"b":{"0":[8],"1":[8],"2":[21],"3":[5],"4":[2],"5":[3],"6":[3],"7":[26],"8":[28],"9":[83],"10":[23],"11":[0],"12":[90],"13":[85],"14":[2],"15":[3],"16":[0],"17":[2],"18":[0],"19":[1],"20":[8],"21":[0],"22":[8]},"fnMap":{"0":{"name":"<instance_members_initializer>","decl":{"start":{"line":17,"column":23},"end":{"line":120,"column":1}},"loc":{"start":{"line":17,"column":23},"end":{"line":120,"column":1}},"line":17},"1":{"name":"FlowRunner","decl":{"start":{"line":23,"column":4},"end":{"line":63,"column":5}},"loc":{"start":{"line":23,"column":4},"end":{"line":63,"column":5}},"line":23},"2":{"name":"onTaskComplete","decl":{"start":{"line":35,"column":28},"end":{"line":39,"column":13}},"loc":{"start":{"line":35,"column":28},"end":{"line":39,"column":13}},"line":35},"3":{"name":"onTaskFail","decl":{"start":{"line":40,"column":24},"end":{"line":43,"column":13}},"loc":{"start":{"line":40,"column":24},"end":{"line":43,"column":13}},"line":40},"4":{"name":"onAbortChain","decl":{"start":{"line":44,"column":26},"end":{"line":52,"column":13}},"loc":{"start":{"line":44,"column":26},"end":{"line":52,"column":13}},"line":44},"5":{"name":"onTaskRetry","decl":{"start":{"line":53,"column":25},"end":{"line":56,"column":13}},"loc":{"start":{"line":53,"column":25},"end":{"line":56,"column":13}},"line":53},"6":{"name":"onTaskFinish","decl":{"start":{"line":57,"column":26},"end":{"line":60,"column":13}},"loc":{"start":{"line":57,"column":26},"end":{"line":60,"column":13}},"line":57},"7":{"name":"getState","decl":{"start":{"line":61,"column":22},"end":{"line":61,"column":38}},"loc":{"start":{"line":61,"column":22},"end":{"line":61,"column":38}},"line":61},"8":{"name":"sendDataThroughSocket","decl":{"start":{"line":65,"column":12},"end":{"line":68,"column":5}},"loc":{"start":{"line":65,"column":12},"end":{"line":68,"column":5}},"line":65},"9":{"name":"addTask","decl":{"start":{"line":70,"column":4},"end":{"line":76,"column":5}},"loc":{"start":{"line":70,"column":4},"end":{"line":76,"column":5}},"line":70},"10":{"name":"getStats","decl":{"start":{"line":78,"column":4},"end":{"line":80,"column":5}},"loc":{"start":{"line":78,"column":4},"end":{"line":80,"column":5}},"line":78},"11":{"name":"getAllTasks","decl":{"start":{"line":82,"column":4},"end":{"line":84,"column":5}},"loc":{"start":{"line":82,"column":4},"end":{"line":84,"column":5}},"line":82},"12":{"name":"reRunTask","decl":{"start":{"line":86,"column":11},"end":{"line":88,"column":5}},"loc":{"start":{"line":86,"column":11},"end":{"line":88,"column":5}},"line":86},"13":{"name":"_reRunTask","decl":{"start":{"line":90,"column":12},"end":{"line":109,"column":5}},"loc":{"start":{"line":90,"column":12},"end":{"line":109,"column":5}},"line":90},"14":{"name":"start","decl":{"start":{"line":111,"column":4},"end":{"line":115,"column":5}},"loc":{"start":{"line":111,"column":4},"end":{"line":115,"column":5}},"line":111},"15":{"name":"close","decl":{"start":{"line":117,"column":4},"end":{"line":119,"column":5}},"loc":{"start":{"line":117,"column":4},"end":{"line":119,"column":5}},"line":117}},"f":{"0":8,"1":8,"2":21,"3":5,"4":2,"5":3,"6":26,"7":28,"8":83,"9":23,"10":90,"11":85,"12":2,"13":3,"14":8,"15":8}}
,"/Users/s4nty/Projects/re-do-the-wheel/task-runner/src/core/Task.ts": {"path":"/Users/s4nty/Projects/re-do-the-wheel/task-runner/src/core/Task.ts","all":false,"statementMap":{"0":{"start":{"line":1,"column":0},"end":{"line":1,"column":26}},"1":{"start":{"line":2,"column":0},"end":{"line":2,"column":0}},"2":{"start":{"line":3,"column":0},"end":{"line":3,"column":22}},"3":{"start":{"line":4,"column":0},"end":{"line":4,"column":20}},"4":{"start":{"line":5,"column":0},"end":{"line":5,"column":20}},"5":{"start":{"line":6,"column":0},"end":{"line":6,"column":22}},"6":{"start":{"line":7,"column":0},"end":{"line":7,"column":1}},"7":{"start":{"line":8,"column":0},"end":{"line":8,"column":0}},"8":{"start":{"line":9,"column":0},"end":{"line":9,"column":19}},"9":{"start":{"line":10,"column":0},"end":{"line":10,"column":40}},"10":{"start":{"line":11,"column":0},"end":{"line":11,"column":27}},"11":{"start":{"line":12,"column":0},"end":{"line":12,"column":23}},"12":{"start":{"line":13,"column":0},"end":{"line":13,"column":41}},"13":{"start":{"line":14,"column":0},"end":{"line":14,"column":30}},"14":{"start":{"line":15,"column":0},"end":{"line":15,"column":20}},"15":{"start":{"line":16,"column":0},"end":{"line":16,"column":32}},"16":{"start":{"line":17,"column":0},"end":{"line":17,"column":32}},"17":{"start":{"line":18,"column":0},"end":{"line":18,"column":0}},"18":{"start":{"line":19,"column":0},"end":{"line":19,"column":83}},"19":{"start":{"line":20,"column":0},"end":{"line":20,"column":0}},"20":{"start":{"line":21,"column":0},"end":{"line":21,"column":67}},"21":{"start":{"line":22,"column":0},"end":{"line":22,"column":29}},"22":{"start":{"line":23,"column":0},"end":{"line":23,"column":49}},"23":{"start":{"line":24,"column":0},"end":{"line":24,"column":23}},"24":{"start":{"line":25,"column":0},"end":{"line":25,"column":45}},"25":{"start":{"line":26,"column":0},"end":{"line":26,"column":36}},"26":{"start":{"line":27,"column":0},"end":{"line":27,"column":39}},"27":{"start":{"line":28,"column":0},"end":{"line":28,"column":5}},"28":{"start":{"line":29,"column":0},"end":{"line":29,"column":0}},"29":{"start":{"line":30,"column":0},"end":{"line":30,"column":18}},"30":{"start":{"line":31,"column":0},"end":{"line":31,"column":20}},"31":{"start":{"line":32,"column":0},"end":{"line":32,"column":5}},"32":{"start":{"line":33,"column":0},"end":{"line":33,"column":20}},"33":{"start":{"line":34,"column":0},"end":{"line":34,"column":23}},"34":{"start":{"line":35,"column":0},"end":{"line":35,"column":5}},"35":{"start":{"line":36,"column":0},"end":{"line":36,"column":24}},"36":{"start":{"line":37,"column":0},"end":{"line":37,"column":27}},"37":{"start":{"line":38,"column":0},"end":{"line":38,"column":5}},"38":{"start":{"line":39,"column":0},"end":{"line":39,"column":21}},"39":{"start":{"line":40,"column":0},"end":{"line":40,"column":21}},"40":{"start":{"line":41,"column":0},"end":{"line":41,"column":5}},"41":{"start":{"line":42,"column":0},"end":{"line":42,"column":23}},"42":{"start":{"line":43,"column":0},"end":{"line":43,"column":26}},"43":{"start":{"line":44,"column":0},"end":{"line":44,"column":5}},"44":{"start":{"line":45,"column":0},"end":{"line":45,"column":19}},"45":{"start":{"line":46,"column":0},"end":{"line":46,"column":31}},"46":{"start":{"line":47,"column":0},"end":{"line":47,"column":5}},"47":{"start":{"line":48,"column":0},"end":{"line":48,"column":19}},"48":{"start":{"line":49,"column":0},"end":{"line":49,"column":32}},"49":{"start":{"line":50,"column":0},"end":{"line":50,"column":5}},"50":{"start":{"line":51,"column":0},"end":{"line":51,"column":22}},"51":{"start":{"line":52,"column":0},"end":{"line":52,"column":32}},"52":{"start":{"line":53,"column":0},"end":{"line":53,"column":5}},"53":{"start":{"line":54,"column":0},"end":{"line":54,"column":22}},"54":{"start":{"line":55,"column":0},"end":{"line":55,"column":32}},"55":{"start":{"line":56,"column":0},"end":{"line":56,"column":5}},"56":{"start":{"line":57,"column":0},"end":{"line":57,"column":35}},"57":{"start":{"line":58,"column":0},"end":{"line":58,"column":23}},"58":{"start":{"line":59,"column":0},"end":{"line":59,"column":5}},"59":{"start":{"line":60,"column":0},"end":{"line":60,"column":23}},"60":{"start":{"line":61,"column":0},"end":{"line":61,"column":24}},"61":{"start":{"line":62,"column":0},"end":{"line":62,"column":5}},"62":{"start":{"line":63,"column":0},"end":{"line":63,"column":25}},"63":{"start":{"line":64,"column":0},"end":{"line":64,"column":36}},"64":{"start":{"line":65,"column":0},"end":{"line":65,"column":5}},"65":{"start":{"line":66,"column":0},"end":{"line":66,"column":22}},"66":{"start":{"line":67,"column":0},"end":{"line":67,"column":27}},"67":{"start":{"line":68,"column":0},"end":{"line":68,"column":5}},"68":{"start":{"line":69,"column":0},"end":{"line":69,"column":22}},"69":{"start":{"line":70,"column":0},"end":{"line":70,"column":25}},"70":{"start":{"line":71,"column":0},"end":{"line":71,"column":5}},"71":{"start":{"line":72,"column":0},"end":{"line":72,"column":0}},"72":{"start":{"line":73,"column":0},"end":{"line":73,"column":17}},"73":{"start":{"line":74,"column":0},"end":{"line":74,"column":13}},"74":{"start":{"line":75,"column":0},"end":{"line":75,"column":32}},"75":{"start":{"line":76,"column":0},"end":{"line":76,"column":38}},"76":{"start":{"line":77,"column":0},"end":{"line":77,"column":25}},"77":{"start":{"line":78,"column":0},"end":{"line":78,"column":35}},"78":{"start":{"line":79,"column":0},"end":{"line":79,"column":24}},"79":{"start":{"line":80,"column":0},"end":{"line":80,"column":9}},"80":{"start":{"line":81,"column":0},"end":{"line":81,"column":5}},"81":{"start":{"line":82,"column":0},"end":{"line":82,"column":1}}},"s":{"0":1,"1":1,"2":1,"3":1,"4":1,"5":1,"6":1,"7":1,"8":1,"9":23,"10":23,"11":23,"12":23,"13":23,"14":23,"15":23,"16":23,"17":23,"18":23,"19":23,"20":23,"21":23,"22":23,"23":23,"24":23,"25":23,"26":23,"27":23,"28":23,"29":23,"30":0,"31":0,"32":23,"33":133,"34":133,"35":23,"36":314,"37":314,"38":23,"39":26,"40":26,"41":23,"42":264,"43":264,"44":23,"45":2,"46":2,"47":23,"48":3,"49":3,"50":23,"51":29,"52":29,"53":23,"54":3,"55":3,"56":23,"57":5,"58":5,"59":23,"60":240,"61":240,"62":23,"63":32,"64":32,"65":23,"66":240,"67":240,"68":23,"69":240,"70":240,"71":23,"72":23,"73":26,"74":26,"75":21,"76":26,"77":5,"78":5,"79":5,"80":26,"81":23},"branchMap":{"0":{"type":"branch","line":9,"loc":{"start":{"line":9,"column":17},"end":{"line":82,"column":1}},"locations":[{"start":{"line":9,"column":17},"end":{"line":82,"column":1}}]},"1":{"type":"branch","line":21,"loc":{"start":{"line":21,"column":4},"end":{"line":28,"column":5}},"locations":[{"start":{"line":21,"column":4},"end":{"line":28,"column":5}}]},"2":{"type":"branch","line":25,"loc":{"start":{"line":25,"column":28},"end":{"line":25,"column":36}},"locations":[{"start":{"line":25,"column":28},"end":{"line":25,"column":36}}]},"3":{"type":"branch","line":25,"loc":{"start":{"line":25,"column":36},"end":{"line":25,"column":44}},"locations":[{"start":{"line":25,"column":36},"end":{"line":25,"column":44}}]},"4":{"type":"branch","line":27,"loc":{"start":{"line":27,"column":26},"end":{"line":27,"column":32}},"locations":[{"start":{"line":27,"column":26},"end":{"line":27,"column":32}}]},"5":{"type":"branch","line":27,"loc":{"start":{"line":27,"column":32},"end":{"line":27,"column":38}},"locations":[{"start":{"line":27,"column":32},"end":{"line":27,"column":38}}]},"6":{"type":"branch","line":33,"loc":{"start":{"line":33,"column":11},"end":{"line":35,"column":5}},"locations":[{"start":{"line":33,"column":11},"end":{"line":35,"column":5}}]},"7":{"type":"branch","line":36,"loc":{"start":{"line":36,"column":11},"end":{"line":38,"column":5}},"locations":[{"start":{"line":36,"column":11},"end":{"line":38,"column":5}}]},"8":{"type":"branch","line":39,"loc":{"start":{"line":39,"column":11},"end":{"line":41,"column":5}},"locations":[{"start":{"line":39,"column":11},"end":{"line":41,"column":5}}]},"9":{"type":"branch","line":42,"loc":{"start":{"line":42,"column":11},"end":{"line":44,"column":5}},"locations":[{"start":{"line":42,"column":11},"end":{"line":44,"column":5}}]},"10":{"type":"branch","line":45,"loc":{"start":{"line":45,"column":11},"end":{"line":47,"column":5}},"locations":[{"start":{"line":45,"column":11},"end":{"line":47,"column":5}}]},"11":{"type":"branch","line":48,"loc":{"start":{"line":48,"column":11},"end":{"line":50,"column":5}},"locations":[{"start":{"line":48,"column":11},"end":{"line":50,"column":5}}]},"12":{"type":"branch","line":51,"loc":{"start":{"line":51,"column":11},"end":{"line":53,"column":5}},"locations":[{"start":{"line":51,"column":11},"end":{"line":53,"column":5}}]},"13":{"type":"branch","line":54,"loc":{"start":{"line":54,"column":11},"end":{"line":56,"column":5}},"locations":[{"start":{"line":54,"column":11},"end":{"line":56,"column":5}}]},"14":{"type":"branch","line":57,"loc":{"start":{"line":57,"column":11},"end":{"line":59,"column":5}},"locations":[{"start":{"line":57,"column":11},"end":{"line":59,"column":5}}]},"15":{"type":"branch","line":60,"loc":{"start":{"line":60,"column":11},"end":{"line":62,"column":5}},"locations":[{"start":{"line":60,"column":11},"end":{"line":62,"column":5}}]},"16":{"type":"branch","line":63,"loc":{"start":{"line":63,"column":11},"end":{"line":65,"column":5}},"locations":[{"start":{"line":63,"column":11},"end":{"line":65,"column":5}}]},"17":{"type":"branch","line":66,"loc":{"start":{"line":66,"column":11},"end":{"line":68,"column":5}},"locations":[{"start":{"line":66,"column":11},"end":{"line":68,"column":5}}]},"18":{"type":"branch","line":69,"loc":{"start":{"line":69,"column":11},"end":{"line":71,"column":5}},"locations":[{"start":{"line":69,"column":11},"end":{"line":71,"column":5}}]},"19":{"type":"branch","line":73,"loc":{"start":{"line":73,"column":4},"end":{"line":81,"column":5}},"locations":[{"start":{"line":73,"column":4},"end":{"line":81,"column":5}}]},"20":{"type":"branch","line":76,"loc":{"start":{"line":76,"column":-1},"end":{"line":77,"column":17}},"locations":[{"start":{"line":76,"column":-1},"end":{"line":77,"column":17}}]},"21":{"type":"branch","line":77,"loc":{"start":{"line":77,"column":10},"end":{"line":80,"column":9}},"locations":[{"start":{"line":77,"column":10},"end":{"line":80,"column":9}}]}},"b":{"0":[23],"1":[23],"2":[12],"3":[12],"4":[12],"5":[20],"6":[133],"7":[314],"8":[26],"9":[264],"10":[2],"11":[3],"12":[29],"13":[3],"14":[5],"15":[240],"16":[32],"17":[240],"18":[240],"19":[26],"20":[21],"21":[5]},"fnMap":{"0":{"name":"<instance_members_initializer>","decl":{"start":{"line":9,"column":17},"end":{"line":82,"column":1}},"loc":{"start":{"line":9,"column":17},"end":{"line":82,"column":1}},"line":9},"1":{"name":"Task","decl":{"start":{"line":21,"column":4},"end":{"line":28,"column":5}},"loc":{"start":{"line":21,"column":4},"end":{"line":28,"column":5}},"line":21},"2":{"name":"get","decl":{"start":{"line":30,"column":11},"end":{"line":32,"column":5}},"loc":{"start":{"line":30,"column":11},"end":{"line":32,"column":5}},"line":30},"3":{"name":"getId","decl":{"start":{"line":33,"column":11},"end":{"line":35,"column":5}},"loc":{"start":{"line":33,"column":11},"end":{"line":35,"column":5}},"line":33},"4":{"name":"getPrevId","decl":{"start":{"line":36,"column":11},"end":{"line":38,"column":5}},"loc":{"start":{"line":36,"column":11},"end":{"line":38,"column":5}},"line":36},"5":{"name":"addTry","decl":{"start":{"line":39,"column":11},"end":{"line":41,"column":5}},"loc":{"start":{"line":39,"column":11},"end":{"line":41,"column":5}},"line":39},"6":{"name":"getTries","decl":{"start":{"line":42,"column":11},"end":{"line":44,"column":5}},"loc":{"start":{"line":42,"column":11},"end":{"line":44,"column":5}},"line":42},"7":{"name":"fail","decl":{"start":{"line":45,"column":11},"end":{"line":47,"column":5}},"loc":{"start":{"line":45,"column":11},"end":{"line":47,"column":5}},"line":45},"8":{"name":"skip","decl":{"start":{"line":48,"column":11},"end":{"line":50,"column":5}},"loc":{"start":{"line":48,"column":11},"end":{"line":50,"column":5}},"line":48},"9":{"name":"running","decl":{"start":{"line":51,"column":11},"end":{"line":53,"column":5}},"loc":{"start":{"line":51,"column":11},"end":{"line":53,"column":5}},"line":51},"10":{"name":"pending","decl":{"start":{"line":54,"column":11},"end":{"line":56,"column":5}},"loc":{"start":{"line":54,"column":11},"end":{"line":56,"column":5}},"line":54},"11":{"name":"setError","decl":{"start":{"line":57,"column":11},"end":{"line":59,"column":5}},"loc":{"start":{"line":57,"column":11},"end":{"line":59,"column":5}},"line":57},"12":{"name":"getError","decl":{"start":{"line":60,"column":11},"end":{"line":62,"column":5}},"loc":{"start":{"line":60,"column":11},"end":{"line":62,"column":5}},"line":60},"13":{"name":"updateTime","decl":{"start":{"line":63,"column":11},"end":{"line":65,"column":5}},"loc":{"start":{"line":63,"column":11},"end":{"line":65,"column":5}},"line":63},"14":{"name":"getName","decl":{"start":{"line":66,"column":11},"end":{"line":68,"column":5}},"loc":{"start":{"line":66,"column":11},"end":{"line":68,"column":5}},"line":66},"15":{"name":"getTags","decl":{"start":{"line":69,"column":11},"end":{"line":71,"column":5}},"loc":{"start":{"line":69,"column":11},"end":{"line":71,"column":5}},"line":69},"16":{"name":"run","decl":{"start":{"line":73,"column":4},"end":{"line":81,"column":5}},"loc":{"start":{"line":73,"column":4},"end":{"line":81,"column":5}},"line":73}},"f":{"0":23,"1":23,"2":0,"3":133,"4":314,"5":26,"6":264,"7":2,"8":3,"9":29,"10":3,"11":5,"12":240,"13":32,"14":240,"15":240,"16":26}}
,"/Users/s4nty/Projects/re-do-the-wheel/task-runner/src/core/TaskScheduler.ts": {"path":"/Users/s4nty/Projects/re-do-the-wheel/task-runner/src/core/TaskScheduler.ts","all":false,"statementMap":{"0":{"start":{"line":1,"column":0},"end":{"line":1,"column":30}},"1":{"start":{"line":2,"column":0},"end":{"line":2,"column":54}},"2":{"start":{"line":3,"column":0},"end":{"line":3,"column":0}},"3":{"start":{"line":4,"column":0},"end":{"line":4,"column":27}},"4":{"start":{"line":5,"column":0},"end":{"line":5,"column":24}},"5":{"start":{"line":6,"column":0},"end":{"line":6,"column":21}},"6":{"start":{"line":7,"column":0},"end":{"line":7,"column":20}},"7":{"start":{"line":8,"column":0},"end":{"line":8,"column":45}},"8":{"start":{"line":9,"column":0},"end":{"line":9,"column":53}},"9":{"start":{"line":10,"column":0},"end":{"line":10,"column":43}},"10":{"start":{"line":11,"column":0},"end":{"line":11,"column":38}},"11":{"start":{"line":12,"column":0},"end":{"line":12,"column":39}},"12":{"start":{"line":13,"column":0},"end":{"line":13,"column":37}},"13":{"start":{"line":14,"column":0},"end":{"line":14,"column":1}},"14":{"start":{"line":15,"column":0},"end":{"line":15,"column":0}},"15":{"start":{"line":16,"column":0},"end":{"line":16,"column":28}},"16":{"start":{"line":17,"column":0},"end":{"line":17,"column":32}},"17":{"start":{"line":18,"column":0},"end":{"line":18,"column":29}},"18":{"start":{"line":19,"column":0},"end":{"line":19,"column":28}},"19":{"start":{"line":20,"column":0},"end":{"line":20,"column":29}},"20":{"start":{"line":21,"column":0},"end":{"line":21,"column":50}},"21":{"start":{"line":22,"column":0},"end":{"line":22,"column":51}},"22":{"start":{"line":23,"column":0},"end":{"line":23,"column":0}},"23":{"start":{"line":24,"column":0},"end":{"line":24,"column":27}},"24":{"start":{"line":25,"column":0},"end":{"line":25,"column":23}},"25":{"start":{"line":26,"column":0},"end":{"line":26,"column":25}},"26":{"start":{"line":27,"column":0},"end":{"line":27,"column":24}},"27":{"start":{"line":28,"column":0},"end":{"line":28,"column":25}},"28":{"start":{"line":29,"column":0},"end":{"line":29,"column":21}},"29":{"start":{"line":30,"column":0},"end":{"line":30,"column":0}},"30":{"start":{"line":31,"column":0},"end":{"line":31,"column":42}},"31":{"start":{"line":32,"column":0},"end":{"line":32,"column":46}},"32":{"start":{"line":33,"column":0},"end":{"line":33,"column":40}},"33":{"start":{"line":34,"column":0},"end":{"line":34,"column":38}},"34":{"start":{"line":35,"column":0},"end":{"line":35,"column":52}},"35":{"start":{"line":36,"column":0},"end":{"line":36,"column":44}},"36":{"start":{"line":37,"column":0},"end":{"line":37,"column":48}},"37":{"start":{"line":38,"column":0},"end":{"line":38,"column":46}},"38":{"start":{"line":39,"column":0},"end":{"line":39,"column":48}},"39":{"start":{"line":40,"column":0},"end":{"line":40,"column":40}},"40":{"start":{"line":41,"column":0},"end":{"line":41,"column":5}},"41":{"start":{"line":42,"column":0},"end":{"line":42,"column":0}},"42":{"start":{"line":43,"column":0},"end":{"line":43,"column":25}},"43":{"start":{"line":44,"column":0},"end":{"line":44,"column":45}},"44":{"start":{"line":45,"column":0},"end":{"line":45,"column":44}},"45":{"start":{"line":46,"column":0},"end":{"line":46,"column":5}},"46":{"start":{"line":47,"column":0},"end":{"line":47,"column":0}},"47":{"start":{"line":48,"column":0},"end":{"line":48,"column":19}},"48":{"start":{"line":49,"column":0},"end":{"line":49,"column":58}},"49":{"start":{"line":50,"column":0},"end":{"line":50,"column":0}},"50":{"start":{"line":51,"column":0},"end":{"line":51,"column":61}},"51":{"start":{"line":52,"column":0},"end":{"line":52,"column":61}},"52":{"start":{"line":53,"column":0},"end":{"line":53,"column":50}},"53":{"start":{"line":54,"column":0},"end":{"line":54,"column":44}},"54":{"start":{"line":55,"column":0},"end":{"line":55,"column":49}},"55":{"start":{"line":56,"column":0},"end":{"line":56,"column":35}},"56":{"start":{"line":57,"column":0},"end":{"line":57,"column":59}},"57":{"start":{"line":58,"column":0},"end":{"line":58,"column":28}},"58":{"start":{"line":59,"column":0},"end":{"line":59,"column":58}},"59":{"start":{"line":60,"column":0},"end":{"line":60,"column":48}},"60":{"start":{"line":61,"column":0},"end":{"line":61,"column":13}},"61":{"start":{"line":62,"column":0},"end":{"line":62,"column":9}},"62":{"start":{"line":63,"column":0},"end":{"line":63,"column":5}},"63":{"start":{"line":64,"column":0},"end":{"line":64,"column":0}},"64":{"start":{"line":65,"column":0},"end":{"line":65,"column":41}},"65":{"start":{"line":66,"column":0},"end":{"line":66,"column":40}},"66":{"start":{"line":67,"column":0},"end":{"line":67,"column":62}},"67":{"start":{"line":68,"column":0},"end":{"line":68,"column":5}},"68":{"start":{"line":69,"column":0},"end":{"line":69,"column":0}},"69":{"start":{"line":70,"column":0},"end":{"line":70,"column":49}},"70":{"start":{"line":71,"column":0},"end":{"line":71,"column":40}},"71":{"start":{"line":72,"column":0},"end":{"line":72,"column":34}},"72":{"start":{"line":73,"column":0},"end":{"line":73,"column":0}},"73":{"start":{"line":74,"column":0},"end":{"line":74,"column":50}},"74":{"start":{"line":75,"column":0},"end":{"line":75,"column":36}},"75":{"start":{"line":76,"column":0},"end":{"line":76,"column":0}},"76":{"start":{"line":77,"column":0},"end":{"line":77,"column":16}},"77":{"start":{"line":78,"column":0},"end":{"line":78,"column":51}},"78":{"start":{"line":79,"column":0},"end":{"line":79,"column":75}},"79":{"start":{"line":80,"column":0},"end":{"line":80,"column":10}},"80":{"start":{"line":81,"column":0},"end":{"line":81,"column":5}},"81":{"start":{"line":82,"column":0},"end":{"line":82,"column":0}},"82":{"start":{"line":83,"column":0},"end":{"line":83,"column":39}},"83":{"start":{"line":84,"column":0},"end":{"line":84,"column":28}},"84":{"start":{"line":85,"column":0},"end":{"line":85,"column":22}},"85":{"start":{"line":86,"column":0},"end":{"line":86,"column":23}},"86":{"start":{"line":87,"column":0},"end":{"line":87,"column":0}},"87":{"start":{"line":88,"column":0},"end":{"line":88,"column":13}},"88":{"start":{"line":89,"column":0},"end":{"line":89,"column":29}},"89":{"start":{"line":90,"column":0},"end":{"line":90,"column":46}},"90":{"start":{"line":91,"column":0},"end":{"line":91,"column":23}},"91":{"start":{"line":92,"column":0},"end":{"line":92,"column":51}},"92":{"start":{"line":93,"column":0},"end":{"line":93,"column":28}},"93":{"start":{"line":94,"column":0},"end":{"line":94,"column":48}},"94":{"start":{"line":95,"column":0},"end":{"line":95,"column":20}},"95":{"start":{"line":96,"column":0},"end":{"line":96,"column":34}},"96":{"start":{"line":97,"column":0},"end":{"line":97,"column":43}},"97":{"start":{"line":98,"column":0},"end":{"line":98,"column":56}},"98":{"start":{"line":99,"column":0},"end":{"line":99,"column":39}},"99":{"start":{"line":100,"column":0},"end":{"line":100,"column":33}},"100":{"start":{"line":101,"column":0},"end":{"line":101,"column":13}},"101":{"start":{"line":102,"column":0},"end":{"line":102,"column":0}},"102":{"start":{"line":103,"column":0},"end":{"line":103,"column":27}},"103":{"start":{"line":104,"column":0},"end":{"line":104,"column":78}},"104":{"start":{"line":105,"column":0},"end":{"line":105,"column":68}},"105":{"start":{"line":106,"column":0},"end":{"line":106,"column":66}},"106":{"start":{"line":107,"column":0},"end":{"line":107,"column":14}},"107":{"start":{"line":108,"column":0},"end":{"line":108,"column":41}},"108":{"start":{"line":109,"column":0},"end":{"line":109,"column":19}},"109":{"start":{"line":110,"column":0},"end":{"line":110,"column":36}},"110":{"start":{"line":111,"column":0},"end":{"line":111,"column":32}},"111":{"start":{"line":112,"column":0},"end":{"line":112,"column":9}},"112":{"start":{"line":113,"column":0},"end":{"line":113,"column":5}},"113":{"start":{"line":114,"column":0},"end":{"line":114,"column":1}}},"s":{"0":1,"1":1,"2":1,"3":1,"4":1,"5":1,"6":1,"7":1,"8":1,"9":1,"10":1,"11":1,"12":1,"13":1,"14":1,"15":1,"16":8,"17":8,"18":8,"19":8,"20":8,"21":8,"22":8,"23":8,"24":8,"25":8,"26":8,"27":8,"28":8,"29":8,"30":8,"31":8,"32":8,"33":8,"34":8,"35":8,"36":8,"37":8,"38":8,"39":8,"40":8,"41":8,"42":8,"43":26,"44":26,"45":26,"46":8,"47":8,"48":35,"49":34,"50":35,"51":51,"52":45,"53":51,"54":26,"55":26,"56":51,"57":0,"58":0,"59":0,"60":0,"61":51,"62":34,"63":8,"64":8,"65":45,"66":45,"67":45,"68":8,"69":8,"70":19,"71":19,"72":19,"73":19,"74":19,"75":19,"76":19,"77":19,"78":2,"79":19,"80":19,"81":8,"82":8,"83":26,"84":26,"85":26,"86":26,"87":26,"88":26,"89":21,"90":26,"91":5,"92":2,"93":2,"94":5,"95":3,"96":3,"97":3,"98":3,"99":3,"100":3,"101":5,"102":5,"103":5,"104":5,"105":5,"106":5,"107":5,"108":26,"109":26,"110":26,"111":26,"112":26,"113":8},"branchMap":{"0":{"type":"branch","line":16,"loc":{"start":{"line":16,"column":26},"end":{"line":114,"column":1}},"locations":[{"start":{"line":16,"column":26},"end":{"line":114,"column":1}}]},"1":{"type":"branch","line":31,"loc":{"start":{"line":31,"column":4},"end":{"line":41,"column":5}},"locations":[{"start":{"line":31,"column":4},"end":{"line":41,"column":5}}]},"2":{"type":"branch","line":43,"loc":{"start":{"line":43,"column":4},"end":{"line":46,"column":5}},"locations":[{"start":{"line":43,"column":4},"end":{"line":46,"column":5}}]},"3":{"type":"branch","line":48,"loc":{"start":{"line":48,"column":4},"end":{"line":63,"column":5}},"locations":[{"start":{"line":48,"column":4},"end":{"line":63,"column":5}}]},"4":{"type":"branch","line":49,"loc":{"start":{"line":49,"column":51},"end":{"line":49,"column":58}},"locations":[{"start":{"line":49,"column":51},"end":{"line":49,"column":58}}]},"5":{"type":"branch","line":50,"loc":{"start":{"line":50,"column":-1},"end":{"line":51,"column":60}},"locations":[{"start":{"line":50,"column":-1},"end":{"line":51,"column":60}}]},"6":{"type":"branch","line":51,"loc":{"start":{"line":51,"column":60},"end":{"line":62,"column":9}},"locations":[{"start":{"line":51,"column":60},"end":{"line":62,"column":9}}]},"7":{"type":"branch","line":52,"loc":{"start":{"line":52,"column":55},"end":{"line":52,"column":61}},"locations":[{"start":{"line":52,"column":55},"end":{"line":52,"column":61}}]},"8":{"type":"branch","line":53,"loc":{"start":{"line":53,"column":-1},"end":{"line":54,"column":41}},"locations":[{"start":{"line":53,"column":-1},"end":{"line":54,"column":41}}]},"9":{"type":"branch","line":54,"loc":{"start":{"line":54,"column":43},"end":{"line":57,"column":13}},"locations":[{"start":{"line":54,"column":43},"end":{"line":57,"column":13}}]},"10":{"type":"branch","line":57,"loc":{"start":{"line":57,"column":13},"end":{"line":61,"column":13}},"locations":[{"start":{"line":57,"column":13},"end":{"line":61,"column":13}}]},"11":{"type":"branch","line":57,"loc":{"start":{"line":57,"column":58},"end":{"line":61,"column":13}},"locations":[{"start":{"line":57,"column":58},"end":{"line":61,"column":13}}]},"12":{"type":"branch","line":63,"loc":{"start":{"line":63,"column":-1},"end":{"line":63,"column":5}},"locations":[{"start":{"line":63,"column":-1},"end":{"line":63,"column":5}}]},"13":{"type":"branch","line":65,"loc":{"start":{"line":65,"column":12},"end":{"line":68,"column":5}},"locations":[{"start":{"line":65,"column":12},"end":{"line":68,"column":5}}]},"14":{"type":"branch","line":67,"loc":{"start":{"line":67,"column":22},"end":{"line":67,"column":61}},"locations":[{"start":{"line":67,"column":22},"end":{"line":67,"column":61}}]},"15":{"type":"branch","line":70,"loc":{"start":{"line":70,"column":12},"end":{"line":81,"column":5}},"locations":[{"start":{"line":70,"column":12},"end":{"line":81,"column":5}}]},"16":{"type":"branch","line":72,"loc":{"start":{"line":72,"column":21},"end":{"line":72,"column":34}},"locations":[{"start":{"line":72,"column":21},"end":{"line":72,"column":34}}]},"17":{"type":"branch","line":75,"loc":{"start":{"line":75,"column":23},"end":{"line":75,"column":36}},"locations":[{"start":{"line":75,"column":23},"end":{"line":75,"column":36}}]},"18":{"type":"branch","line":78,"loc":{"start":{"line":78,"column":48},"end":{"line":79,"column":75}},"locations":[{"start":{"line":78,"column":48},"end":{"line":79,"column":75}}]},"19":{"type":"branch","line":83,"loc":{"start":{"line":83,"column":12},"end":{"line":113,"column":5}},"locations":[{"start":{"line":83,"column":12},"end":{"line":113,"column":5}}]},"20":{"type":"branch","line":90,"loc":{"start":{"line":90,"column":-1},"end":{"line":91,"column":17}},"locations":[{"start":{"line":90,"column":-1},"end":{"line":91,"column":17}}]},"21":{"type":"branch","line":91,"loc":{"start":{"line":91,"column":10},"end":{"line":109,"column":9}},"locations":[{"start":{"line":91,"column":10},"end":{"line":109,"column":9}}]},"22":{"type":"branch","line":92,"loc":{"start":{"line":92,"column":50},"end":{"line":95,"column":13}},"locations":[{"start":{"line":92,"column":50},"end":{"line":95,"column":13}}]},"23":{"type":"branch","line":95,"loc":{"start":{"line":95,"column":13},"end":{"line":101,"column":13}},"locations":[{"start":{"line":95,"column":13},"end":{"line":101,"column":13}}]},"24":{"type":"branch","line":104,"loc":{"start":{"line":104,"column":60},"end":{"line":104,"column":77}},"locations":[{"start":{"line":104,"column":60},"end":{"line":104,"column":77}}]},"25":{"type":"branch","line":105,"loc":{"start":{"line":105,"column":56},"end":{"line":105,"column":67}},"locations":[{"start":{"line":105,"column":56},"end":{"line":105,"column":67}}]},"26":{"type":"branch","line":106,"loc":{"start":{"line":106,"column":54},"end":{"line":106,"column":65}},"locations":[{"start":{"line":106,"column":54},"end":{"line":106,"column":65}}]},"27":{"type":"branch","line":96,"loc":{"start":{"line":96,"column":27},"end":{"line":100,"column":17}},"locations":[{"start":{"line":96,"column":27},"end":{"line":100,"column":17}}]}},"b":{"0":[8],"1":[8],"2":[26],"3":[35],"4":[1],"5":[34],"6":[51],"7":[6],"8":[45],"9":[26],"10":[19],"11":[0],"12":[34],"13":[45],"14":[28],"15":[19],"16":[0],"17":[0],"18":[2],"19":[26],"20":[21],"21":[5],"22":[2],"23":[3],"24":[0],"25":[0],"26":[0],"27":[3]},"fnMap":{"0":{"name":"<instance_members_initializer>","decl":{"start":{"line":16,"column":26},"end":{"line":114,"column":1}},"loc":{"start":{"line":16,"column":26},"end":{"line":114,"column":1}},"line":16},"1":{"name":"TaskScheduler","decl":{"start":{"line":31,"column":4},"end":{"line":41,"column":5}},"loc":{"start":{"line":31,"column":4},"end":{"line":41,"column":5}},"line":31},"2":{"name":"enqueue","decl":{"start":{"line":43,"column":4},"end":{"line":46,"column":5}},"loc":{"start":{"line":43,"column":4},"end":{"line":46,"column":5}},"line":43},"3":{"name":"trySchedule","decl":{"start":{"line":48,"column":4},"end":{"line":63,"column":5}},"loc":{"start":{"line":48,"column":4},"end":{"line":63,"column":5}},"line":48},"4":{"name":"canRun","decl":{"start":{"line":65,"column":12},"end":{"line":68,"column":5}},"loc":{"start":{"line":65,"column":12},"end":{"line":68,"column":5}},"line":65},"5":{"name":"shouldSkipTask","decl":{"start":{"line":70,"column":12},"end":{"line":81,"column":5}},"loc":{"start":{"line":70,"column":12},"end":{"line":81,"column":5}},"line":70},"6":{"name":"runTask","decl":{"start":{"line":83,"column":12},"end":{"line":113,"column":5}},"loc":{"start":{"line":83,"column":12},"end":{"line":113,"column":5}},"line":83}},"f":{"0":8,"1":8,"2":26,"3":35,"4":45,"5":19,"6":26}}
,"/Users/s4nty/Projects/re-do-the-wheel/task-runner/src/core/TaskStateManager.ts": {"path":"/Users/s4nty/Projects/re-do-the-wheel/task-runner/src/core/TaskStateManager.ts","all":false,"statementMap":{"0":{"start":{"line":1,"column":0},"end":{"line":1,"column":30}},"1":{"start":{"line":2,"column":0},"end":{"line":2,"column":0}},"2":{"start":{"line":3,"column":0},"end":{"line":3,"column":31}},"3":{"start":{"line":4,"column":0},"end":{"line":4,"column":61}},"4":{"start":{"line":5,"column":0},"end":{"line":5,"column":49}},"5":{"start":{"line":6,"column":0},"end":{"line":6,"column":50}},"6":{"start":{"line":7,"column":0},"end":{"line":7,"column":51}},"7":{"start":{"line":8,"column":0},"end":{"line":8,"column":0}},"8":{"start":{"line":9,"column":0},"end":{"line":9,"column":30}},"9":{"start":{"line":10,"column":0},"end":{"line":10,"column":45}},"10":{"start":{"line":11,"column":0},"end":{"line":11,"column":5}},"11":{"start":{"line":12,"column":0},"end":{"line":12,"column":0}},"12":{"start":{"line":13,"column":0},"end":{"line":13,"column":35}},"13":{"start":{"line":14,"column":0},"end":{"line":14,"column":46}},"14":{"start":{"line":15,"column":0},"end":{"line":15,"column":5}},"15":{"start":{"line":16,"column":0},"end":{"line":16,"column":0}},"16":{"start":{"line":17,"column":0},"end":{"line":17,"column":48}},"17":{"start":{"line":18,"column":0},"end":{"line":18,"column":37}},"18":{"start":{"line":19,"column":0},"end":{"line":19,"column":47}},"19":{"start":{"line":20,"column":0},"end":{"line":20,"column":37}},"20":{"start":{"line":21,"column":0},"end":{"line":21,"column":5}},"21":{"start":{"line":22,"column":0},"end":{"line":22,"column":0}},"22":{"start":{"line":23,"column":0},"end":{"line":23,"column":33}},"23":{"start":{"line":24,"column":0},"end":{"line":24,"column":38}},"24":{"start":{"line":25,"column":0},"end":{"line":25,"column":5}},"25":{"start":{"line":26,"column":0},"end":{"line":26,"column":0}},"26":{"start":{"line":27,"column":0},"end":{"line":27,"column":42}},"27":{"start":{"line":28,"column":0},"end":{"line":28,"column":56}},"28":{"start":{"line":29,"column":0},"end":{"line":29,"column":5}},"29":{"start":{"line":30,"column":0},"end":{"line":30,"column":0}},"30":{"start":{"line":31,"column":0},"end":{"line":31,"column":54}},"31":{"start":{"line":32,"column":0},"end":{"line":32,"column":50}},"32":{"start":{"line":33,"column":0},"end":{"line":33,"column":5}},"33":{"start":{"line":34,"column":0},"end":{"line":34,"column":0}},"34":{"start":{"line":35,"column":0},"end":{"line":35,"column":16}},"35":{"start":{"line":36,"column":0},"end":{"line":36,"column":16}},"36":{"start":{"line":37,"column":0},"end":{"line":37,"column":91}},"37":{"start":{"line":38,"column":0},"end":{"line":38,"column":47}},"38":{"start":{"line":39,"column":0},"end":{"line":39,"column":49}},"39":{"start":{"line":40,"column":0},"end":{"line":40,"column":56}},"40":{"start":{"line":41,"column":0},"end":{"line":41,"column":56}},"41":{"start":{"line":42,"column":0},"end":{"line":42,"column":10}},"42":{"start":{"line":43,"column":0},"end":{"line":43,"column":5}},"43":{"start":{"line":44,"column":0},"end":{"line":44,"column":0}},"44":{"start":{"line":45,"column":0},"end":{"line":45,"column":24}},"45":{"start":{"line":46,"column":0},"end":{"line":46,"column":16}},"46":{"start":{"line":47,"column":0},"end":{"line":47,"column":91}},"47":{"start":{"line":48,"column":0},"end":{"line":48,"column":54}},"48":{"start":{"line":49,"column":0},"end":{"line":49,"column":56}},"49":{"start":{"line":50,"column":0},"end":{"line":50,"column":49}},"50":{"start":{"line":51,"column":0},"end":{"line":51,"column":41}},"51":{"start":{"line":52,"column":0},"end":{"line":52,"column":10}},"52":{"start":{"line":53,"column":0},"end":{"line":53,"column":5}},"53":{"start":{"line":54,"column":0},"end":{"line":54,"column":0}},"54":{"start":{"line":55,"column":0},"end":{"line":55,"column":19}},"55":{"start":{"line":56,"column":0},"end":{"line":56,"column":49}},"56":{"start":{"line":57,"column":0},"end":{"line":57,"column":35}},"57":{"start":{"line":58,"column":0},"end":{"line":58,"column":19}},"58":{"start":{"line":59,"column":0},"end":{"line":59,"column":37}},"59":{"start":{"line":60,"column":0},"end":{"line":60,"column":41}},"60":{"start":{"line":61,"column":0},"end":{"line":61,"column":39}},"61":{"start":{"line":62,"column":0},"end":{"line":62,"column":36}},"62":{"start":{"line":63,"column":0},"end":{"line":63,"column":42}},"63":{"start":{"line":64,"column":0},"end":{"line":64,"column":39}},"64":{"start":{"line":65,"column":0},"end":{"line":65,"column":37}},"65":{"start":{"line":66,"column":0},"end":{"line":66,"column":15}},"66":{"start":{"line":67,"column":0},"end":{"line":67,"column":75}},"67":{"start":{"line":68,"column":0},"end":{"line":68,"column":5}},"68":{"start":{"line":69,"column":0},"end":{"line":69,"column":0}},"69":{"start":{"line":70,"column":0},"end":{"line":70,"column":33}},"70":{"start":{"line":71,"column":0},"end":{"line":71,"column":49}},"71":{"start":{"line":72,"column":0},"end":{"line":72,"column":60}},"72":{"start":{"line":73,"column":0},"end":{"line":73,"column":31}},"73":{"start":{"line":74,"column":0},"end":{"line":74,"column":5}},"74":{"start":{"line":75,"column":0},"end":{"line":75,"column":0}},"75":{"start":{"line":76,"column":0},"end":{"line":76,"column":33}},"76":{"start":{"line":77,"column":0},"end":{"line":77,"column":49}},"77":{"start":{"line":78,"column":0},"end":{"line":78,"column":60}},"78":{"start":{"line":79,"column":0},"end":{"line":79,"column":31}},"79":{"start":{"line":80,"column":0},"end":{"line":80,"column":5}},"80":{"start":{"line":81,"column":0},"end":{"line":81,"column":0}},"81":{"start":{"line":82,"column":0},"end":{"line":82,"column":43}},"82":{"start":{"line":83,"column":0},"end":{"line":83,"column":93}},"83":{"start":{"line":84,"column":0},"end":{"line":84,"column":5}},"84":{"start":{"line":85,"column":0},"end":{"line":85,"column":0}},"85":{"start":{"line":86,"column":0},"end":{"line":86,"column":51}},"86":{"start":{"line":87,"column":0},"end":{"line":87,"column":40}},"87":{"start":{"line":88,"column":0},"end":{"line":88,"column":5}},"88":{"start":{"line":89,"column":0},"end":{"line":89,"column":0}},"89":{"start":{"line":90,"column":0},"end":{"line":90,"column":32}},"90":{"start":{"line":91,"column":0},"end":{"line":91,"column":43}},"91":{"start":{"line":92,"column":0},"end":{"line":92,"column":40}},"92":{"start":{"line":93,"column":0},"end":{"line":93,"column":41}},"93":{"start":{"line":94,"column":0},"end":{"line":94,"column":36}},"94":{"start":{"line":95,"column":0},"end":{"line":95,"column":5}},"95":{"start":{"line":96,"column":0},"end":{"line":96,"column":1}}},"s":{"0":1,"1":1,"2":1,"3":8,"4":8,"5":8,"6":8,"7":8,"8":8,"9":26,"10":26,"11":8,"12":8,"13":21,"14":21,"15":8,"16":8,"17":5,"18":5,"19":5,"20":5,"21":8,"22":8,"23":3,"24":3,"25":8,"26":8,"27":28,"28":28,"29":8,"30":8,"31":5,"32":5,"33":8,"34":8,"35":90,"36":90,"37":90,"38":90,"39":90,"40":90,"41":90,"42":90,"43":8,"44":8,"45":0,"46":0,"47":0,"48":0,"49":0,"50":0,"51":0,"52":0,"53":8,"54":8,"55":85,"56":85,"57":240,"58":240,"59":240,"60":240,"61":240,"62":240,"63":240,"64":240,"65":85,"66":85,"67":85,"68":8,"69":8,"70":90,"71":90,"72":90,"73":90,"74":8,"75":8,"76":90,"77":90,"78":90,"79":90,"80":8,"81":8,"82":5,"83":5,"84":8,"85":8,"86":3,"87":3,"88":8,"89":8,"90":3,"91":3,"92":3,"93":3,"94":3,"95":8},"branchMap":{"0":{"type":"branch","line":3,"loc":{"start":{"line":3,"column":29},"end":{"line":96,"column":1}},"locations":[{"start":{"line":3,"column":29},"end":{"line":96,"column":1}}]},"1":{"type":"branch","line":9,"loc":{"start":{"line":9,"column":4},"end":{"line":11,"column":5}},"locations":[{"start":{"line":9,"column":4},"end":{"line":11,"column":5}}]},"2":{"type":"branch","line":13,"loc":{"start":{"line":13,"column":4},"end":{"line":15,"column":5}},"locations":[{"start":{"line":13,"column":4},"end":{"line":15,"column":5}}]},"3":{"type":"branch","line":17,"loc":{"start":{"line":17,"column":4},"end":{"line":21,"column":5}},"locations":[{"start":{"line":17,"column":4},"end":{"line":21,"column":5}}]},"4":{"type":"branch","line":23,"loc":{"start":{"line":23,"column":4},"end":{"line":25,"column":5}},"locations":[{"start":{"line":23,"column":4},"end":{"line":25,"column":5}}]},"5":{"type":"branch","line":27,"loc":{"start":{"line":27,"column":4},"end":{"line":29,"column":5}},"locations":[{"start":{"line":27,"column":4},"end":{"line":29,"column":5}}]},"6":{"type":"branch","line":31,"loc":{"start":{"line":31,"column":12},"end":{"line":33,"column":5}},"locations":[{"start":{"line":31,"column":12},"end":{"line":33,"column":5}}]},"7":{"type":"branch","line":35,"loc":{"start":{"line":35,"column":4},"end":{"line":43,"column":5}},"locations":[{"start":{"line":35,"column":4},"end":{"line":43,"column":5}}]},"8":{"type":"branch","line":37,"loc":{"start":{"line":37,"column":76},"end":{"line":37,"column":82}},"locations":[{"start":{"line":37,"column":76},"end":{"line":37,"column":82}}]},"9":{"type":"branch","line":55,"loc":{"start":{"line":55,"column":4},"end":{"line":68,"column":5}},"locations":[{"start":{"line":55,"column":4},"end":{"line":68,"column":5}}]},"10":{"type":"branch","line":57,"loc":{"start":{"line":57,"column":17},"end":{"line":66,"column":14}},"locations":[{"start":{"line":57,"column":17},"end":{"line":66,"column":14}}]},"11":{"type":"branch","line":67,"loc":{"start":{"line":67,"column":18},"end":{"line":67,"column":73}},"locations":[{"start":{"line":67,"column":18},"end":{"line":67,"column":73}}]},"12":{"type":"branch","line":70,"loc":{"start":{"line":70,"column":4},"end":{"line":74,"column":5}},"locations":[{"start":{"line":70,"column":4},"end":{"line":74,"column":5}}]},"13":{"type":"branch","line":72,"loc":{"start":{"line":72,"column":20},"end":{"line":72,"column":59}},"locations":[{"start":{"line":72,"column":20},"end":{"line":72,"column":59}}]},"14":{"type":"branch","line":73,"loc":{"start":{"line":73,"column":17},"end":{"line":73,"column":29}},"locations":[{"start":{"line":73,"column":17},"end":{"line":73,"column":29}}]},"15":{"type":"branch","line":76,"loc":{"start":{"line":76,"column":4},"end":{"line":80,"column":5}},"locations":[{"start":{"line":76,"column":4},"end":{"line":80,"column":5}}]},"16":{"type":"branch","line":78,"loc":{"start":{"line":78,"column":20},"end":{"line":78,"column":59}},"locations":[{"start":{"line":78,"column":20},"end":{"line":78,"column":59}}]},"17":{"type":"branch","line":79,"loc":{"start":{"line":79,"column":17},"end":{"line":79,"column":29}},"locations":[{"start":{"line":79,"column":17},"end":{"line":79,"column":29}}]},"18":{"type":"branch","line":82,"loc":{"start":{"line":82,"column":4},"end":{"line":84,"column":5}},"locations":[{"start":{"line":82,"column":4},"end":{"line":84,"column":5}}]},"19":{"type":"branch","line":83,"loc":{"start":{"line":83,"column":56},"end":{"line":83,"column":91}},"locations":[{"start":{"line":83,"column":56},"end":{"line":83,"column":91}}]},"20":{"type":"branch","line":86,"loc":{"start":{"line":86,"column":4},"end":{"line":88,"column":5}},"locations":[{"start":{"line":86,"column":4},"end":{"line":88,"column":5}}]},"21":{"type":"branch","line":90,"loc":{"start":{"line":90,"column":4},"end":{"line":95,"column":5}},"locations":[{"start":{"line":90,"column":4},"end":{"line":95,"column":5}}]}},"b":{"0":[8],"1":[26],"2":[21],"3":[5],"4":[3],"5":[28],"6":[5],"7":[90],"8":[126],"9":[85],"10":[240],"11":[194],"12":[90],"13":[255],"14":[88],"15":[90],"16":[255],"17":[32],"18":[5],"19":[10],"20":[3],"21":[3]},"fnMap":{"0":{"name":"<instance_members_initializer>","decl":{"start":{"line":3,"column":29},"end":{"line":96,"column":1}},"loc":{"start":{"line":3,"column":29},"end":{"line":96,"column":1}},"line":3},"1":{"name":"registerTask","decl":{"start":{"line":9,"column":4},"end":{"line":11,"column":5}},"loc":{"start":{"line":9,"column":4},"end":{"line":11,"column":5}},"line":9},"2":{"name":"markCompleted","decl":{"start":{"line":13,"column":4},"end":{"line":15,"column":5}},"loc":{"start":{"line":13,"column":4},"end":{"line":15,"column":5}},"line":13},"3":{"name":"markFailed","decl":{"start":{"line":17,"column":4},"end":{"line":21,"column":5}},"loc":{"start":{"line":17,"column":4},"end":{"line":21,"column":5}},"line":17},"4":{"name":"markSkipped","decl":{"start":{"line":23,"column":4},"end":{"line":25,"column":5}},"loc":{"start":{"line":23,"column":4},"end":{"line":25,"column":5}},"line":23},"5":{"name":"isCompleted","decl":{"start":{"line":27,"column":4},"end":{"line":29,"column":5}},"loc":{"start":{"line":27,"column":4},"end":{"line":29,"column":5}},"line":27},"6":{"name":"addError","decl":{"start":{"line":31,"column":12},"end":{"line":33,"column":5}},"loc":{"start":{"line":31,"column":12},"end":{"line":33,"column":5}},"line":31},"7":{"name":"getStats","decl":{"start":{"line":35,"column":4},"end":{"line":43,"column":5}},"loc":{"start":{"line":35,"column":4},"end":{"line":43,"column":5}},"line":35},"8":{"name":"getDetailedStats","decl":{"start":{"line":45,"column":4},"end":{"line":53,"column":5}},"loc":{"start":{"line":45,"column":4},"end":{"line":53,"column":5}},"line":45},"9":{"name":"getAllTasks","decl":{"start":{"line":55,"column":4},"end":{"line":68,"column":5}},"loc":{"start":{"line":55,"column":4},"end":{"line":68,"column":5}},"line":55},"10":{"name":"getPendingTasks","decl":{"start":{"line":70,"column":4},"end":{"line":74,"column":5}},"loc":{"start":{"line":70,"column":4},"end":{"line":74,"column":5}},"line":70},"11":{"name":"getRunningTasks","decl":{"start":{"line":76,"column":4},"end":{"line":80,"column":5}},"loc":{"start":{"line":76,"column":4},"end":{"line":80,"column":5}},"line":76},"12":{"name":"getDependents","decl":{"start":{"line":82,"column":4},"end":{"line":84,"column":5}},"loc":{"start":{"line":82,"column":4},"end":{"line":84,"column":5}},"line":82},"13":{"name":"getTaskById","decl":{"start":{"line":86,"column":4},"end":{"line":88,"column":5}},"loc":{"start":{"line":86,"column":4},"end":{"line":88,"column":5}},"line":86},"14":{"name":"deleteTask","decl":{"start":{"line":90,"column":4},"end":{"line":95,"column":5}},"loc":{"start":{"line":90,"column":4},"end":{"line":95,"column":5}},"line":90}},"f":{"0":8,"1":26,"2":21,"3":5,"4":3,"5":28,"6":5,"7":90,"8":0,"9":85,"10":90,"11":90,"12":5,"13":3,"14":3}}
}
