TN:
SF:src/core/DashboardGateway.ts
FN:21,<instance_members_initializer>
FN:27,DashboardGateway
FN:74,sendData
FN:82,registerHandler
FN:86,close
FNF:5
FNH:5
FNDA:8,<instance_members_initializer>
FNDA:8,DashboardGateway
FNDA:5,sendData
FNDA:3,registerHandler
FNDA:8,close
DA:1,1
DA:2,1
DA:3,1
DA:4,1
DA:5,1
DA:6,1
DA:7,1
DA:8,1
DA:9,1
DA:10,1
DA:11,1
DA:12,1
DA:13,1
DA:14,1
DA:15,1
DA:16,1
DA:17,1
DA:18,1
DA:19,1
DA:20,1
DA:21,1
DA:22,8
DA:23,8
DA:24,8
DA:25,8
DA:26,8
DA:27,8
DA:28,8
DA:29,8
DA:30,8
DA:31,8
DA:32,8
DA:33,8
DA:34,8
DA:35,8
DA:36,8
DA:37,8
DA:38,0
DA:39,0
DA:40,0
DA:41,0
DA:42,8
DA:43,8
DA:44,8
DA:45,8
DA:46,8
DA:47,8
DA:48,8
DA:49,8
DA:50,8
DA:51,8
DA:52,0
DA:53,0
DA:54,0
DA:55,0
DA:56,0
DA:57,0
DA:58,0
DA:59,0
DA:60,0
DA:61,0
DA:62,0
DA:63,0
DA:64,0
DA:65,0
DA:66,0
DA:67,8
DA:68,8
DA:69,8
DA:70,0
DA:71,8
DA:72,8
DA:73,8
DA:74,8
DA:75,5
DA:76,0
DA:77,0
DA:78,0
DA:79,5
DA:80,5
DA:81,8
DA:82,8
DA:83,3
DA:84,3
DA:85,8
DA:86,8
DA:87,8
DA:88,8
DA:89,8
DA:90,8
DA:91,8
DA:92,8
DA:93,8
DA:94,8
LF:94
LH:71
BRDA:21,0,0,8
BRDA:27,1,0,8
BRDA:37,2,0,0
BRDA:74,3,0,5
BRDA:75,4,0,0
BRDA:82,5,0,3
BRDA:86,6,0,8
BRF:7
BRH:5
end_of_record
TN:
SF:src/core/FlowRunner.ts
FN:17,<instance_members_initializer>
FN:23,FlowRunner
FN:35,onTaskComplete
FN:40,onTaskFail
FN:44,onAbortChain
FN:53,onTaskRetry
FN:57,onTaskFinish
FN:61,getState
FN:65,sendDataThroughSocket
FN:70,addTask
FN:78,getStats
FN:82,getAllTasks
FN:86,reRunTask
FN:90,_reRunTask
FN:111,start
FN:117,close
FNF:16
FNH:16
FNDA:8,<instance_members_initializer>
FNDA:8,FlowRunner
FNDA:21,onTaskComplete
FNDA:5,onTaskFail
FNDA:2,onAbortChain
FNDA:3,onTaskRetry
FNDA:26,onTaskFinish
FNDA:28,getState
FNDA:83,sendDataThroughSocket
FNDA:23,addTask
FNDA:90,getStats
FNDA:85,getAllTasks
FNDA:2,reRunTask
FNDA:3,_reRunTask
FNDA:8,start
FNDA:8,close
DA:1,1
DA:2,1
DA:3,1
DA:4,1
DA:5,1
DA:6,1
DA:7,1
DA:8,1
DA:9,1
DA:10,1
DA:11,1
DA:12,1
DA:13,1
DA:14,1
DA:15,1
DA:16,1
DA:17,1
DA:18,8
DA:19,8
DA:20,8
DA:21,8
DA:22,8
DA:23,8
DA:24,8
DA:25,8
DA:26,0
DA:27,0
DA:28,8
DA:29,8
DA:30,0
DA:31,8
DA:32,8
DA:33,8
DA:34,8
DA:35,8
DA:36,21
DA:37,21
DA:38,21
DA:39,8
DA:40,8
DA:41,5
DA:42,5
DA:43,8
DA:44,8
DA:45,2
DA:46,2
DA:47,3
DA:48,3
DA:49,3
DA:50,3
DA:51,2
DA:52,8
DA:53,8
DA:54,3
DA:55,3
DA:56,8
DA:57,8
DA:58,26
DA:59,26
DA:60,8
DA:61,8
DA:62,8
DA:63,8
DA:64,8
DA:65,8
DA:66,83
DA:67,83
DA:68,83
DA:69,8
DA:70,8
DA:71,23
DA:72,23
DA:73,23
DA:74,23
DA:75,23
DA:76,23
DA:77,8
DA:78,8
DA:79,90
DA:80,90
DA:81,8
DA:82,8
DA:83,85
DA:84,85
DA:85,8
DA:86,8
DA:87,2
DA:88,2
DA:89,8
DA:90,8
DA:91,3
DA:92,3
DA:93,3
DA:94,3
DA:95,3
DA:96,3
DA:97,3
DA:98,3
DA:99,3
DA:100,3
DA:101,3
DA:102,3
DA:103,3
DA:104,3
DA:105,3
DA:106,3
DA:107,1
DA:108,1
DA:109,3
DA:110,8
DA:111,8
DA:112,8
DA:113,8
DA:114,8
DA:115,8
DA:116,8
DA:117,8
DA:118,8
DA:119,8
DA:120,8
LF:120
LH:117
BRDA:17,0,0,8
BRDA:23,1,0,8
BRDA:35,2,0,21
BRDA:40,3,0,5
BRDA:44,4,0,2
BRDA:46,5,0,3
BRDA:53,6,0,3
BRDA:57,7,0,26
BRDA:61,8,0,28
BRDA:65,9,0,83
BRDA:70,10,0,23
BRDA:74,11,0,0
BRDA:78,12,0,90
BRDA:82,13,0,85
BRDA:86,14,0,2
BRDA:90,15,0,3
BRDA:92,16,0,0
BRDA:94,17,0,2
BRDA:94,18,0,0
BRDA:106,19,0,1
BRDA:111,20,0,8
BRDA:112,21,0,0
BRDA:117,22,0,8
BRF:23
BRH:19
end_of_record
TN:
SF:src/core/Task.ts
FN:9,<instance_members_initializer>
FN:21,Task
FN:30,get
FN:33,getId
FN:36,getPrevId
FN:39,addTry
FN:42,getTries
FN:45,fail
FN:48,skip
FN:51,running
FN:54,pending
FN:57,setError
FN:60,getError
FN:63,updateTime
FN:66,getName
FN:69,getTags
FN:73,run
FNF:17
FNH:16
FNDA:23,<instance_members_initializer>
FNDA:23,Task
FNDA:0,get
FNDA:133,getId
FNDA:314,getPrevId
FNDA:26,addTry
FNDA:264,getTries
FNDA:2,fail
FNDA:3,skip
FNDA:29,running
FNDA:3,pending
FNDA:5,setError
FNDA:240,getError
FNDA:32,updateTime
FNDA:240,getName
FNDA:240,getTags
FNDA:26,run
DA:1,1
DA:2,1
DA:3,1
DA:4,1
DA:5,1
DA:6,1
DA:7,1
DA:8,1
DA:9,1
DA:10,23
DA:11,23
DA:12,23
DA:13,23
DA:14,23
DA:15,23
DA:16,23
DA:17,23
DA:18,23
DA:19,23
DA:20,23
DA:21,23
DA:22,23
DA:23,23
DA:24,23
DA:25,23
DA:26,23
DA:27,23
DA:28,23
DA:29,23
DA:30,23
DA:31,0
DA:32,0
DA:33,23
DA:34,133
DA:35,133
DA:36,23
DA:37,314
DA:38,314
DA:39,23
DA:40,26
DA:41,26
DA:42,23
DA:43,264
DA:44,264
DA:45,23
DA:46,2
DA:47,2
DA:48,23
DA:49,3
DA:50,3
DA:51,23
DA:52,29
DA:53,29
DA:54,23
DA:55,3
DA:56,3
DA:57,23
DA:58,5
DA:59,5
DA:60,23
DA:61,240
DA:62,240
DA:63,23
DA:64,32
DA:65,32
DA:66,23
DA:67,240
DA:68,240
DA:69,23
DA:70,240
DA:71,240
DA:72,23
DA:73,23
DA:74,26
DA:75,26
DA:76,21
DA:77,26
DA:78,5
DA:79,5
DA:80,5
DA:81,26
DA:82,23
LF:82
LH:80
BRDA:9,0,0,23
BRDA:21,1,0,23
BRDA:25,2,0,12
BRDA:25,3,0,12
BRDA:27,4,0,12
BRDA:27,5,0,20
BRDA:33,6,0,133
BRDA:36,7,0,314
BRDA:39,8,0,26
BRDA:42,9,0,264
BRDA:45,10,0,2
BRDA:48,11,0,3
BRDA:51,12,0,29
BRDA:54,13,0,3
BRDA:57,14,0,5
BRDA:60,15,0,240
BRDA:63,16,0,32
BRDA:66,17,0,240
BRDA:69,18,0,240
BRDA:73,19,0,26
BRDA:76,20,0,21
BRDA:77,21,0,5
BRF:22
BRH:22
end_of_record
TN:
SF:src/core/TaskScheduler.ts
FN:16,<instance_members_initializer>
FN:31,TaskScheduler
FN:43,enqueue
FN:48,trySchedule
FN:65,canRun
FN:70,shouldSkipTask
FN:83,runTask
FNF:7
FNH:7
FNDA:8,<instance_members_initializer>
FNDA:8,TaskScheduler
FNDA:26,enqueue
FNDA:35,trySchedule
FNDA:45,canRun
FNDA:19,shouldSkipTask
FNDA:26,runTask
DA:1,1
DA:2,1
DA:3,1
DA:4,1
DA:5,1
DA:6,1
DA:7,1
DA:8,1
DA:9,1
DA:10,1
DA:11,1
DA:12,1
DA:13,1
DA:14,1
DA:15,1
DA:16,1
DA:17,8
DA:18,8
DA:19,8
DA:20,8
DA:21,8
DA:22,8
DA:23,8
DA:24,8
DA:25,8
DA:26,8
DA:27,8
DA:28,8
DA:29,8
DA:30,8
DA:31,8
DA:32,8
DA:33,8
DA:34,8
DA:35,8
DA:36,8
DA:37,8
DA:38,8
DA:39,8
DA:40,8
DA:41,8
DA:42,8
DA:43,8
DA:44,26
DA:45,26
DA:46,26
DA:47,8
DA:48,8
DA:49,35
DA:50,34
DA:51,35
DA:52,51
DA:53,45
DA:54,51
DA:55,26
DA:56,26
DA:57,51
DA:58,0
DA:59,0
DA:60,0
DA:61,0
DA:62,51
DA:63,34
DA:64,8
DA:65,8
DA:66,45
DA:67,45
DA:68,45
DA:69,8
DA:70,8
DA:71,19
DA:72,19
DA:73,19
DA:74,19
DA:75,19
DA:76,19
DA:77,19
DA:78,19
DA:79,2
DA:80,19
DA:81,19
DA:82,8
DA:83,8
DA:84,26
DA:85,26
DA:86,26
DA:87,26
DA:88,26
DA:89,26
DA:90,21
DA:91,26
DA:92,5
DA:93,2
DA:94,2
DA:95,5
DA:96,3
DA:97,3
DA:98,3
DA:99,3
DA:100,3
DA:101,3
DA:102,5
DA:103,5
DA:104,5
DA:105,5
DA:106,5
DA:107,5
DA:108,5
DA:109,26
DA:110,26
DA:111,26
DA:112,26
DA:113,26
DA:114,8
LF:114
LH:110
BRDA:16,0,0,8
BRDA:31,1,0,8
BRDA:43,2,0,26
BRDA:48,3,0,35
BRDA:49,4,0,1
BRDA:50,5,0,34
BRDA:51,6,0,51
BRDA:52,7,0,6
BRDA:53,8,0,45
BRDA:54,9,0,26
BRDA:57,10,0,19
BRDA:57,11,0,0
BRDA:63,12,0,34
BRDA:65,13,0,45
BRDA:67,14,0,28
BRDA:70,15,0,19
BRDA:72,16,0,0
BRDA:75,17,0,0
BRDA:78,18,0,2
BRDA:83,19,0,26
BRDA:90,20,0,21
BRDA:91,21,0,5
BRDA:92,22,0,2
BRDA:95,23,0,3
BRDA:104,24,0,0
BRDA:105,25,0,0
BRDA:106,26,0,0
BRDA:96,27,0,3
BRF:28
BRH:22
end_of_record
TN:
SF:src/core/TaskStateManager.ts
FN:3,<instance_members_initializer>
FN:9,registerTask
FN:13,markCompleted
FN:17,markFailed
FN:23,markSkipped
FN:27,isCompleted
FN:31,addError
FN:35,getStats
FN:45,getDetailedStats
FN:55,getAllTasks
FN:70,getPendingTasks
FN:76,getRunningTasks
FN:82,getDependents
FN:86,getTaskById
FN:90,deleteTask
FNF:15
FNH:14
FNDA:8,<instance_members_initializer>
FNDA:26,registerTask
FNDA:21,markCompleted
FNDA:5,markFailed
FNDA:3,markSkipped
FNDA:28,isCompleted
FNDA:5,addError
FNDA:90,getStats
FNDA:0,getDetailedStats
FNDA:85,getAllTasks
FNDA:90,getPendingTasks
FNDA:90,getRunningTasks
FNDA:5,getDependents
FNDA:3,getTaskById
FNDA:3,deleteTask
DA:1,1
DA:2,1
DA:3,1
DA:4,8
DA:5,8
DA:6,8
DA:7,8
DA:8,8
DA:9,8
DA:10,26
DA:11,26
DA:12,8
DA:13,8
DA:14,21
DA:15,21
DA:16,8
DA:17,8
DA:18,5
DA:19,5
DA:20,5
DA:21,5
DA:22,8
DA:23,8
DA:24,3
DA:25,3
DA:26,8
DA:27,8
DA:28,28
DA:29,28
DA:30,8
DA:31,8
DA:32,5
DA:33,5
DA:34,8
DA:35,8
DA:36,90
DA:37,90
DA:38,90
DA:39,90
DA:40,90
DA:41,90
DA:42,90
DA:43,90
DA:44,8
DA:45,8
DA:46,0
DA:47,0
DA:48,0
DA:49,0
DA:50,0
DA:51,0
DA:52,0
DA:53,0
DA:54,8
DA:55,8
DA:56,85
DA:57,85
DA:58,240
DA:59,240
DA:60,240
DA:61,240
DA:62,240
DA:63,240
DA:64,240
DA:65,240
DA:66,85
DA:67,85
DA:68,85
DA:69,8
DA:70,8
DA:71,90
DA:72,90
DA:73,90
DA:74,90
DA:75,8
DA:76,8
DA:77,90
DA:78,90
DA:79,90
DA:80,90
DA:81,8
DA:82,8
DA:83,5
DA:84,5
DA:85,8
DA:86,8
DA:87,3
DA:88,3
DA:89,8
DA:90,8
DA:91,3
DA:92,3
DA:93,3
DA:94,3
DA:95,3
DA:96,8
LF:96
LH:88
BRDA:3,0,0,8
BRDA:9,1,0,26
BRDA:13,2,0,21
BRDA:17,3,0,5
BRDA:23,4,0,3
BRDA:27,5,0,28
BRDA:31,6,0,5
BRDA:35,7,0,90
BRDA:37,8,0,126
BRDA:55,9,0,85
BRDA:57,10,0,240
BRDA:67,11,0,194
BRDA:70,12,0,90
BRDA:72,13,0,255
BRDA:73,14,0,88
BRDA:76,15,0,90
BRDA:78,16,0,255
BRDA:79,17,0,32
BRDA:82,18,0,5
BRDA:83,19,0,10
BRDA:86,20,0,3
BRDA:90,21,0,3
BRF:22
BRH:22
end_of_record
